{"/home/travis/build/npmtest/node-npmtest-node-scrapy/test.js":{"path":"/home/travis/build/npmtest/node-npmtest-node-scrapy/test.js","s":{"1":2,"2":2,"3":2,"4":2,"5":2,"6":2,"7":2,"8":1,"9":2,"10":2,"11":1,"12":1,"13":1,"14":1,"15":2,"16":2,"17":2,"18":2,"19":1,"20":1,"21":2,"22":2,"23":2,"24":1,"25":1,"26":1,"27":1,"28":1,"29":1,"30":1,"31":1,"32":1,"33":1,"34":1,"35":1,"36":1,"37":2,"38":2,"39":1,"40":2,"41":2,"42":1,"43":2,"44":2,"45":1,"46":2,"47":2,"48":1,"49":1,"50":1,"51":1,"52":1},"b":{"1":[2,1,1,1],"2":[1,1,1,1],"3":[1,1],"4":[1,1],"5":[1,1],"6":[1,1],"7":[1,1],"8":[1,1],"9":[1,1,1],"10":[1,1],"11":[1,1],"12":[1,1],"13":[1,1],"14":[1,1],"15":[1,1],"16":[1,1]},"f":{"1":2,"2":2,"3":2,"4":2,"5":2,"6":1,"7":1,"8":2,"9":2,"10":2,"11":2,"12":1},"fnMap":{"1":{"name":"(anonymous_1)","line":12,"loc":{"start":{"line":12,"column":1},"end":{"line":12,"column":13}}},"2":{"name":"(anonymous_2)","line":19,"loc":{"start":{"line":19,"column":5},"end":{"line":19,"column":17}}},"3":{"name":"(anonymous_3)","line":23,"loc":{"start":{"line":23,"column":24},"end":{"line":23,"column":36}}},"4":{"name":"(anonymous_4)","line":61,"loc":{"start":{"line":61,"column":5},"end":{"line":61,"column":17}}},"5":{"name":"(anonymous_5)","line":82,"loc":{"start":{"line":82,"column":5},"end":{"line":82,"column":17}}},"6":{"name":"(anonymous_6)","line":102,"loc":{"start":{"line":102,"column":83},"end":{"line":105,"column":10}},"skip":true},"7":{"name":"(anonymous_7)","line":113,"loc":{"start":{"line":113,"column":77},"end":{"line":116,"column":10}},"skip":true},"8":{"name":"(anonymous_8)","line":129,"loc":{"start":{"line":129,"column":12},"end":{"line":129,"column":40}},"skip":true},"9":{"name":"(anonymous_9)","line":137,"loc":{"start":{"line":137,"column":77},"end":{"line":140,"column":10}},"skip":true},"10":{"name":"(anonymous_10)","line":148,"loc":{"start":{"line":148,"column":83},"end":{"line":151,"column":10}},"skip":true},"11":{"name":"(anonymous_11)","line":159,"loc":{"start":{"line":159,"column":79},"end":{"line":162,"column":10}},"skip":true},"12":{"name":"(anonymous_12)","line":170,"loc":{"start":{"line":170,"column":75},"end":{"line":173,"column":10}},"skip":true}},"statementMap":{"1":{"start":{"line":12,"column":0},"end":{"line":185,"column":5}},"2":{"start":{"line":14,"column":4},"end":{"line":14,"column":14}},"3":{"start":{"line":19,"column":4},"end":{"line":56,"column":9}},"4":{"start":{"line":21,"column":8},"end":{"line":21,"column":19}},"5":{"start":{"line":23,"column":8},"end":{"line":35,"column":13}},"6":{"start":{"line":24,"column":12},"end":{"line":34,"column":13}},"7":{"start":{"line":25,"column":16},"end":{"line":28,"column":30}},"8":{"start":{"line":30,"column":16},"end":{"line":33,"column":27}},"9":{"start":{"line":37,"column":8},"end":{"line":39,"column":21}},"10":{"start":{"line":40,"column":8},"end":{"line":53,"column":9}},"11":{"start":{"line":43,"column":12},"end":{"line":46,"column":14}},"12":{"start":{"line":47,"column":12},"end":{"line":47,"column":18}},"13":{"start":{"line":50,"column":12},"end":{"line":51,"column":46}},"14":{"start":{"line":52,"column":12},"end":{"line":52,"column":18}},"15":{"start":{"line":55,"column":8},"end":{"line":55,"column":35}},"16":{"start":{"line":61,"column":4},"end":{"line":63,"column":9}},"17":{"start":{"line":62,"column":8},"end":{"line":62,"column":15}},"18":{"start":{"line":64,"column":4},"end":{"line":77,"column":5}},"19":{"start":{"line":70,"column":8},"end":{"line":70,"column":14}},"20":{"start":{"line":76,"column":8},"end":{"line":76,"column":14}},"21":{"start":{"line":82,"column":4},"end":{"line":84,"column":9}},"22":{"start":{"line":83,"column":8},"end":{"line":83,"column":15}},"23":{"start":{"line":85,"column":4},"end":{"line":184,"column":5}},"24":{"start":{"line":92,"column":8},"end":{"line":94,"column":63}},"25":{"start":{"line":95,"column":8},"end":{"line":95,"column":14}},"26":{"start":{"line":102,"column":8},"end":{"line":111,"column":10},"skip":true},"27":{"start":{"line":109,"column":12},"end":{"line":109,"column":55},"skip":true},"28":{"start":{"line":110,"column":12},"end":{"line":110,"column":48},"skip":true},"29":{"start":{"line":113,"column":8},"end":{"line":126,"column":10},"skip":true},"30":{"start":{"line":120,"column":12},"end":{"line":120,"column":76},"skip":true},"31":{"start":{"line":121,"column":12},"end":{"line":121,"column":73},"skip":true},"32":{"start":{"line":122,"column":12},"end":{"line":122,"column":74},"skip":true},"33":{"start":{"line":123,"column":12},"end":{"line":123,"column":79},"skip":true},"34":{"start":{"line":124,"column":12},"end":{"line":124,"column":25},"skip":true},"35":{"start":{"line":125,"column":12},"end":{"line":125,"column":45},"skip":true},"36":{"start":{"line":128,"column":8},"end":{"line":135,"column":14},"skip":true},"37":{"start":{"line":133,"column":16},"end":{"line":133,"column":29},"skip":true},"38":{"start":{"line":134,"column":16},"end":{"line":134,"column":55},"skip":true},"39":{"start":{"line":137,"column":8},"end":{"line":146,"column":10},"skip":true},"40":{"start":{"line":144,"column":12},"end":{"line":144,"column":25},"skip":true},"41":{"start":{"line":145,"column":12},"end":{"line":145,"column":45},"skip":true},"42":{"start":{"line":148,"column":8},"end":{"line":157,"column":10},"skip":true},"43":{"start":{"line":155,"column":12},"end":{"line":155,"column":25},"skip":true},"44":{"start":{"line":156,"column":12},"end":{"line":156,"column":48},"skip":true},"45":{"start":{"line":159,"column":8},"end":{"line":168,"column":10},"skip":true},"46":{"start":{"line":166,"column":12},"end":{"line":166,"column":25},"skip":true},"47":{"start":{"line":167,"column":12},"end":{"line":167,"column":46},"skip":true},"48":{"start":{"line":170,"column":8},"end":{"line":179,"column":10},"skip":true},"49":{"start":{"line":177,"column":12},"end":{"line":177,"column":94},"skip":true},"50":{"start":{"line":178,"column":12},"end":{"line":178,"column":48},"skip":true},"51":{"start":{"line":182,"column":8},"end":{"line":182,"column":35},"skip":true},"52":{"start":{"line":183,"column":8},"end":{"line":183,"column":14},"skip":true}},"branchMap":{"1":{"line":25,"type":"binary-expr","locations":[{"start":{"line":25,"column":23},"end":{"line":25,"column":62}},{"start":{"line":26,"column":20},"end":{"line":26,"column":70}},{"start":{"line":27,"column":20},"end":{"line":27,"column":71}},{"start":{"line":28,"column":20},"end":{"line":28,"column":29}}]},"2":{"line":30,"type":"binary-expr","locations":[{"start":{"line":30,"column":23},"end":{"line":30,"column":37}},{"start":{"line":31,"column":20},"end":{"line":31,"column":61}},{"start":{"line":32,"column":20},"end":{"line":32,"column":70}},{"start":{"line":33,"column":20},"end":{"line":33,"column":26}}]},"3":{"line":37,"type":"cond-expr","locations":[{"start":{"line":38,"column":14},"end":{"line":38,"column":20}},{"start":{"line":39,"column":14},"end":{"line":39,"column":20}}]},"4":{"line":40,"type":"switch","locations":[{"start":{"line":42,"column":8},"end":{"line":47,"column":18}},{"start":{"line":49,"column":8},"end":{"line":52,"column":18}}]},"5":{"line":44,"type":"binary-expr","locations":[{"start":{"line":44,"column":16},"end":{"line":44,"column":44}},{"start":{"line":44,"column":48},"end":{"line":44,"column":66}}]},"6":{"line":50,"type":"binary-expr","locations":[{"start":{"line":50,"column":21},"end":{"line":50,"column":49}},{"start":{"line":50,"column":53},"end":{"line":50,"column":72}}]},"7":{"line":64,"type":"switch","locations":[{"start":{"line":69,"column":4},"end":{"line":70,"column":14}},{"start":{"line":75,"column":4},"end":{"line":76,"column":14}}]},"8":{"line":85,"type":"switch","locations":[{"start":{"line":90,"column":4},"end":{"line":95,"column":14}},{"start":{"line":101,"column":4},"end":{"line":183,"column":14},"skip":true}]},"9":{"line":92,"type":"binary-expr","locations":[{"start":{"line":92,"column":18},"end":{"line":92,"column":32}},{"start":{"line":93,"column":12},"end":{"line":93,"column":53}},{"start":{"line":94,"column":12},"end":{"line":94,"column":61}}]},"10":{"line":102,"type":"binary-expr","locations":[{"start":{"line":102,"column":45},"end":{"line":102,"column":79},"skip":true},{"start":{"line":102,"column":83},"end":{"line":111,"column":9},"skip":true}]},"11":{"line":113,"type":"binary-expr","locations":[{"start":{"line":113,"column":42},"end":{"line":113,"column":73},"skip":true},{"start":{"line":113,"column":77},"end":{"line":126,"column":9},"skip":true}]},"12":{"line":128,"type":"binary-expr","locations":[{"start":{"line":128,"column":48},"end":{"line":128,"column":85},"skip":true},{"start":{"line":129,"column":12},"end":{"line":135,"column":13},"skip":true}]},"13":{"line":137,"type":"binary-expr","locations":[{"start":{"line":137,"column":42},"end":{"line":137,"column":73},"skip":true},{"start":{"line":137,"column":77},"end":{"line":146,"column":9},"skip":true}]},"14":{"line":148,"type":"binary-expr","locations":[{"start":{"line":148,"column":45},"end":{"line":148,"column":79},"skip":true},{"start":{"line":148,"column":83},"end":{"line":157,"column":9},"skip":true}]},"15":{"line":159,"type":"binary-expr","locations":[{"start":{"line":159,"column":43},"end":{"line":159,"column":75},"skip":true},{"start":{"line":159,"column":79},"end":{"line":168,"column":9},"skip":true}]},"16":{"line":170,"type":"binary-expr","locations":[{"start":{"line":170,"column":41},"end":{"line":170,"column":71},"skip":true},{"start":{"line":170,"column":75},"end":{"line":179,"column":9},"skip":true}]}},"code":["/* istanbul instrument in package npmtest_node_scrapy */","/*jslint","    bitwise: true,","    browser: true,","    maxerr: 8,","    maxlen: 96,","    node: true,","    nomen: true,","    regexp: true,","    stupid: true","*/","(function () {","    'use strict';","    var local;","","","","    // run shared js-env code - pre-init","    (function () {","        // init local","        local = {};","        // init modeJs","        local.modeJs = (function () {","            try {","                return typeof navigator.userAgent === 'string' &&","                    typeof document.querySelector('body') === 'object' &&","                    typeof XMLHttpRequest.prototype.open === 'function' &&","                    'browser';","            } catch (errorCaughtBrowser) {","                return module.exports &&","                    typeof process.versions.node === 'string' &&","                    typeof require('http').createServer === 'function' &&","                    'node';","            }","        }());","        // init global","        local.global = local.modeJs === 'browser'","            ? window","            : global;","        switch (local.modeJs) {","        // re-init local from window.local","        case 'browser':","            local = local.global.utility2.objectSetDefault(","                local.global.utility2_rollup || local.global.local,","                local.global.utility2","            );","            break;","        // re-init local from example.js","        case 'node':","            local = (local.global.utility2_rollup || require('utility2'))","                .requireExampleJsFromReadme();","            break;","        }","        // export local","        local.global.local = local;","    }());","","","","    // run shared js-env code - function","    (function () {","        return;","    }());","    switch (local.modeJs) {","","","","    // run browser js-env code - function","    case 'browser':","        break;","","","","    // run node js-env code - function","    case 'node':","        break;","    }","","","","    // run shared js-env code - post-init","    (function () {","        return;","    }());","    switch (local.modeJs) {","","","","    // run browser js-env code - post-init","    case 'browser':","        // run tests","        local.nop(local.modeTest &&","            document.querySelector('#testRunButton1') &&","            document.querySelector('#testRunButton1').click());","        break;","","","","    // run node js-env code - post-init","    /* istanbul ignore next */","    case 'node':","        local.testCase_buildApidoc_default = local.testCase_buildApidoc_default || function (","            options,","            onError","        ) {","        /*","         * this function will test buildApidoc's default handling-behavior-behavior","         */","            options = { modulePathList: module.paths };","            local.buildApidoc(options, onError);","        };","","        local.testCase_buildApp_default = local.testCase_buildApp_default || function (","            options,","            onError","        ) {","        /*","         * this function will test buildApp's default handling-behavior-behavior","         */","            local.testCase_buildReadme_default(options, local.onErrorThrow);","            local.testCase_buildLib_default(options, local.onErrorThrow);","            local.testCase_buildTest_default(options, local.onErrorThrow);","            local.testCase_buildCustomOrg_default(options, local.onErrorThrow);","            options = [];","            local.buildApp(options, onError);","        };","","        local.testCase_buildCustomOrg_default = local.testCase_buildCustomOrg_default ||","            function (options, onError) {","            /*","             * this function will test buildCustomOrg's default handling-behavior","             */","                options = {};","                local.buildCustomOrg(options, onError);","            };","","        local.testCase_buildLib_default = local.testCase_buildLib_default || function (","            options,","            onError","        ) {","        /*","         * this function will test buildLib's default handling-behavior","         */","            options = {};","            local.buildLib(options, onError);","        };","","        local.testCase_buildReadme_default = local.testCase_buildReadme_default || function (","            options,","            onError","        ) {","        /*","         * this function will test buildReadme's default handling-behavior-behavior","         */","            options = {};","            local.buildReadme(options, onError);","        };","","        local.testCase_buildTest_default = local.testCase_buildTest_default || function (","            options,","            onError","        ) {","        /*","         * this function will test buildTest's default handling-behavior","         */","            options = {};","            local.buildTest(options, onError);","        };","","        local.testCase_webpage_default = local.testCase_webpage_default || function (","            options,","            onError","        ) {","        /*","         * this function will test webpage's default handling-behavior","         */","            options = { modeCoverageMerge: true, url: local.serverLocalHost + '?modeTest=1' };","            local.browserTest(options, onError);","        };","","        // run test-server","        local.testRunServer(local);","        break;","    }","}());",""],"l":{"12":2,"14":2,"19":2,"21":2,"23":2,"24":2,"25":2,"30":1,"37":2,"40":2,"43":1,"47":1,"50":1,"52":1,"55":2,"61":2,"62":2,"64":2,"70":1,"76":1,"82":2,"83":2,"85":2,"92":1,"95":1,"102":1,"109":1,"110":1,"113":1,"120":1,"121":1,"122":1,"123":1,"124":1,"125":1,"128":1,"133":2,"134":2,"137":1,"144":2,"145":2,"148":1,"155":2,"156":2,"159":1,"166":2,"167":2,"170":1,"177":1,"178":1,"182":1,"183":1}},"/home/travis/build/npmtest/node-npmtest-node-scrapy/lib.npmtest_node_scrapy.js":{"path":"/home/travis/build/npmtest/node-npmtest-node-scrapy/lib.npmtest_node_scrapy.js","s":{"1":2,"2":2,"3":2,"4":2,"5":2,"6":2,"7":2,"8":1,"9":2,"10":2,"11":2,"12":2,"13":1,"14":1,"15":1,"16":1},"b":{"1":[2,1,1,1],"2":[1,1,1,1],"3":[1,1],"4":[2,2],"5":[1,1]},"f":{"1":2,"2":2,"3":2},"fnMap":{"1":{"name":"(anonymous_1)","line":12,"loc":{"start":{"line":12,"column":1},"end":{"line":12,"column":13}}},"2":{"name":"(anonymous_2)","line":19,"loc":{"start":{"line":19,"column":5},"end":{"line":19,"column":17}}},"3":{"name":"(anonymous_3)","line":23,"loc":{"start":{"line":23,"column":24},"end":{"line":23,"column":36}}}},"statementMap":{"1":{"start":{"line":12,"column":0},"end":{"line":53,"column":5}},"2":{"start":{"line":14,"column":4},"end":{"line":14,"column":14}},"3":{"start":{"line":19,"column":4},"end":{"line":52,"column":9}},"4":{"start":{"line":21,"column":8},"end":{"line":21,"column":19}},"5":{"start":{"line":23,"column":8},"end":{"line":35,"column":13}},"6":{"start":{"line":24,"column":12},"end":{"line":34,"column":13}},"7":{"start":{"line":25,"column":16},"end":{"line":28,"column":30}},"8":{"start":{"line":30,"column":16},"end":{"line":33,"column":27}},"9":{"start":{"line":37,"column":8},"end":{"line":39,"column":21}},"10":{"start":{"line":41,"column":8},"end":{"line":41,"column":54}},"11":{"start":{"line":43,"column":8},"end":{"line":43,"column":56}},"12":{"start":{"line":45,"column":8},"end":{"line":51,"column":9}},"13":{"start":{"line":46,"column":12},"end":{"line":46,"column":62}},"14":{"start":{"line":48,"column":12},"end":{"line":48,"column":35}},"15":{"start":{"line":49,"column":12},"end":{"line":49,"column":49}},"16":{"start":{"line":50,"column":12},"end":{"line":50,"column":43}}},"branchMap":{"1":{"line":25,"type":"binary-expr","locations":[{"start":{"line":25,"column":23},"end":{"line":25,"column":62}},{"start":{"line":26,"column":20},"end":{"line":26,"column":70}},{"start":{"line":27,"column":20},"end":{"line":27,"column":71}},{"start":{"line":28,"column":20},"end":{"line":28,"column":29}}]},"2":{"line":30,"type":"binary-expr","locations":[{"start":{"line":30,"column":23},"end":{"line":30,"column":37}},{"start":{"line":31,"column":20},"end":{"line":31,"column":61}},{"start":{"line":32,"column":20},"end":{"line":32,"column":70}},{"start":{"line":33,"column":20},"end":{"line":33,"column":26}}]},"3":{"line":37,"type":"cond-expr","locations":[{"start":{"line":38,"column":14},"end":{"line":38,"column":20}},{"start":{"line":39,"column":14},"end":{"line":39,"column":20}}]},"4":{"line":41,"type":"binary-expr","locations":[{"start":{"line":41,"column":16},"end":{"line":41,"column":44}},{"start":{"line":41,"column":48},"end":{"line":41,"column":53}}]},"5":{"line":45,"type":"if","locations":[{"start":{"line":45,"column":8},"end":{"line":45,"column":8}},{"start":{"line":45,"column":8},"end":{"line":45,"column":8}}]}},"code":["/* istanbul instrument in package npmtest_node_scrapy */","/*jslint","    bitwise: true,","    browser: true,","    maxerr: 8,","    maxlen: 96,","    node: true,","    nomen: true,","    regexp: true,","    stupid: true","*/","(function () {","    'use strict';","    var local;","","","","    // run shared js-env code - pre-init","    (function () {","        // init local","        local = {};","        // init modeJs","        local.modeJs = (function () {","            try {","                return typeof navigator.userAgent === 'string' &&","                    typeof document.querySelector('body') === 'object' &&","                    typeof XMLHttpRequest.prototype.open === 'function' &&","                    'browser';","            } catch (errorCaughtBrowser) {","                return module.exports &&","                    typeof process.versions.node === 'string' &&","                    typeof require('http').createServer === 'function' &&","                    'node';","            }","        }());","        // init global","        local.global = local.modeJs === 'browser'","            ? window","            : global;","        // init utility2_rollup","        local = local.global.utility2_rollup || local;","        // init lib","        local.local = local.npmtest_node_scrapy = local;","        // init exports","        if (local.modeJs === 'browser') {","            local.global.utility2_npmtest_node_scrapy = local;","        } else {","            module.exports = local;","            module.exports.__dirname = __dirname;","            module.exports.module = module;","        }","    }());","}());",""],"l":{"12":2,"14":2,"19":2,"21":2,"23":2,"24":2,"25":2,"30":1,"37":2,"41":2,"43":2,"45":2,"46":1,"48":1,"49":1,"50":1}},"/home/travis/build/npmtest/node-npmtest-node-scrapy/example.js":{"path":"/home/travis/build/npmtest/node-npmtest-node-scrapy/example.js","s":{"1":2,"2":2,"3":2,"4":2,"5":2,"6":2,"7":2,"8":1,"9":2,"10":2,"11":2,"12":2,"13":1,"14":2,"15":2,"16":2,"17":2,"18":2,"19":0,"20":2,"21":1,"22":1,"23":1,"24":1,"25":1,"26":0,"27":0,"28":1,"29":1,"30":2,"31":0,"32":0,"33":0,"34":1,"35":2,"36":2,"37":2,"38":2,"39":2,"40":2,"41":0,"42":2,"43":2,"44":2,"45":1,"46":3,"47":1,"48":1,"49":1,"50":1,"51":1,"52":1,"53":1,"54":1,"55":1,"56":1,"57":0,"58":1,"59":6,"60":6,"61":1,"62":2,"63":0,"64":2,"65":1,"66":1,"67":0,"68":0,"69":0,"70":0,"71":0,"72":0,"73":0,"74":0,"75":0,"76":0,"77":0,"78":0,"79":0,"80":0,"81":0,"82":0,"83":0},"b":{"1":[2,1,1,1],"2":[1,1,1,1],"3":[1,1],"4":[2,2],"5":[1,1],"6":[1,1],"7":[2,0],"8":[2,1,1,1,1,1],"9":[0,2,0],"10":[1,1],"11":[2,1,1],"12":[1,0],"13":[0,2],"14":[2,0,0,0,0,0,0],"15":[0,2],"16":[2,0],"17":[1,1],"18":[0,1],"19":[1,2,0,2],"20":[1,0],"21":[1,1],"22":[0,0],"23":[0,0],"24":[0,0],"25":[0,0],"26":[0,0],"27":[0,0],"28":[0,0]},"f":{"1":2,"2":2,"3":2,"4":2,"5":2,"6":2,"7":2,"8":2,"9":3,"10":1,"11":6,"12":0},"fnMap":{"1":{"name":"(anonymous_1)","line":26,"loc":{"start":{"line":26,"column":1},"end":{"line":26,"column":13}}},"2":{"name":"(anonymous_2)","line":33,"loc":{"start":{"line":33,"column":5},"end":{"line":33,"column":17}}},"3":{"name":"(anonymous_3)","line":37,"loc":{"start":{"line":37,"column":24},"end":{"line":37,"column":36}}},"4":{"name":"(anonymous_4)","line":69,"loc":{"start":{"line":69,"column":31},"end":{"line":69,"column":48}},"skip":true},"5":{"name":"(anonymous_5)","line":78,"loc":{"start":{"line":78,"column":26},"end":{"line":78,"column":45}},"skip":true},"6":{"name":"(anonymous_6)","line":123,"loc":{"start":{"line":123,"column":33},"end":{"line":123,"column":48}},"skip":true},"7":{"name":"(anonymous_7)","line":125,"loc":{"start":{"line":125,"column":27},"end":{"line":125,"column":39}},"skip":true},"8":{"name":"(anonymous_8)","line":133,"loc":{"start":{"line":133,"column":59},"end":{"line":133,"column":74}},"skip":true},"9":{"name":"(anonymous_9)","line":143,"loc":{"start":{"line":143,"column":45},"end":{"line":143,"column":62}},"skip":true},"10":{"name":"(anonymous_10)","line":144,"loc":{"start":{"line":144,"column":73},"end":{"line":144,"column":92}},"skip":true},"11":{"name":"(anonymous_11)","line":272,"loc":{"start":{"line":272,"column":51},"end":{"line":272,"column":77}},"skip":true},"12":{"name":"(anonymous_12)","line":314,"loc":{"start":{"line":314,"column":32},"end":{"line":314,"column":61}},"skip":true}},"statementMap":{"1":{"start":{"line":26,"column":0},"end":{"line":325,"column":5}},"2":{"start":{"line":28,"column":4},"end":{"line":28,"column":14}},"3":{"start":{"line":33,"column":4},"end":{"line":60,"column":9}},"4":{"start":{"line":35,"column":8},"end":{"line":35,"column":19}},"5":{"start":{"line":37,"column":8},"end":{"line":49,"column":13}},"6":{"start":{"line":38,"column":12},"end":{"line":48,"column":13}},"7":{"start":{"line":39,"column":16},"end":{"line":42,"column":30}},"8":{"start":{"line":44,"column":16},"end":{"line":47,"column":27}},"9":{"start":{"line":51,"column":8},"end":{"line":53,"column":21}},"10":{"start":{"line":55,"column":8},"end":{"line":57,"column":45}},"11":{"start":{"line":59,"column":8},"end":{"line":59,"column":35}},"12":{"start":{"line":61,"column":4},"end":{"line":324,"column":5}},"13":{"start":{"line":69,"column":8},"end":{"line":121,"column":10},"skip":true},"14":{"start":{"line":70,"column":12},"end":{"line":88,"column":13},"skip":true},"15":{"start":{"line":76,"column":16},"end":{"line":87,"column":19},"skip":true},"16":{"start":{"line":79,"column":20},"end":{"line":86,"column":21},"skip":true},"17":{"start":{"line":82,"column":24},"end":{"line":82,"column":43},"skip":true},"18":{"start":{"line":83,"column":24},"end":{"line":83,"column":30},"skip":true},"19":{"start":{"line":85,"column":24},"end":{"line":85,"column":49},"skip":true},"20":{"start":{"line":89,"column":12},"end":{"line":107,"column":13},"skip":true},"21":{"start":{"line":92,"column":16},"end":{"line":102,"column":17},"skip":true},"22":{"start":{"line":93,"column":20},"end":{"line":93,"column":86},"skip":true},"23":{"start":{"line":94,"column":20},"end":{"line":95,"column":45},"skip":true},"24":{"start":{"line":96,"column":20},"end":{"line":96,"column":42},"skip":true},"25":{"start":{"line":97,"column":20},"end":{"line":97,"column":48},"skip":true},"26":{"start":{"line":100,"column":20},"end":{"line":100,"column":85},"skip":true},"27":{"start":{"line":101,"column":20},"end":{"line":101,"column":96},"skip":true},"28":{"start":{"line":103,"column":16},"end":{"line":103,"column":22},"skip":true},"29":{"start":{"line":106,"column":16},"end":{"line":106,"column":22},"skip":true},"30":{"start":{"line":108,"column":12},"end":{"line":120,"column":13},"skip":true},"31":{"start":{"line":114,"column":16},"end":{"line":119,"column":17},"skip":true},"32":{"start":{"line":116,"column":20},"end":{"line":116,"column":78},"skip":true},"33":{"start":{"line":118,"column":20},"end":{"line":118,"column":47},"skip":true},"34":{"start":{"line":123,"column":8},"end":{"line":141,"column":11},"skip":true},"35":{"start":{"line":124,"column":12},"end":{"line":124,"column":54},"skip":true},"36":{"start":{"line":125,"column":12},"end":{"line":140,"column":14},"skip":true},"37":{"start":{"line":126,"column":16},"end":{"line":126,"column":28},"skip":true},"38":{"start":{"line":127,"column":16},"end":{"line":127,"column":69},"skip":true},"39":{"start":{"line":128,"column":16},"end":{"line":128,"column":75},"skip":true},"40":{"start":{"line":129,"column":16},"end":{"line":131,"column":17},"skip":true},"41":{"start":{"line":130,"column":20},"end":{"line":130,"column":27},"skip":true},"42":{"start":{"line":133,"column":16},"end":{"line":137,"column":36},"skip":true},"43":{"start":{"line":134,"column":20},"end":{"line":136,"column":55},"skip":true},"44":{"start":{"line":139,"column":16},"end":{"line":139,"column":57},"skip":true},"45":{"start":{"line":143,"column":8},"end":{"line":147,"column":11},"skip":true},"46":{"start":{"line":144,"column":12},"end":{"line":146,"column":15},"skip":true},"47":{"start":{"line":145,"column":16},"end":{"line":145,"column":70},"skip":true},"48":{"start":{"line":149,"column":8},"end":{"line":149,"column":31},"skip":true},"49":{"start":{"line":150,"column":8},"end":{"line":150,"column":14},"skip":true},"50":{"start":{"line":158,"column":8},"end":{"line":158,"column":31},"skip":true},"51":{"start":{"line":160,"column":8},"end":{"line":160,"column":33},"skip":true},"52":{"start":{"line":161,"column":8},"end":{"line":161,"column":37},"skip":true},"53":{"start":{"line":162,"column":8},"end":{"line":162,"column":35},"skip":true},"54":{"start":{"line":164,"column":8},"end":{"line":164,"column":50},"skip":true},"55":{"start":{"line":166,"column":8},"end":{"line":256,"column":2},"skip":true},"56":{"start":{"line":258,"column":8},"end":{"line":286,"column":9},"skip":true},"57":{"start":{"line":259,"column":12},"end":{"line":269,"column":14},"skip":true},"58":{"start":{"line":271,"column":12},"end":{"line":285,"column":19},"skip":true},"59":{"start":{"line":274,"column":20},"end":{"line":274,"column":35},"skip":true},"60":{"start":{"line":275,"column":20},"end":{"line":284,"column":21},"skip":true},"61":{"start":{"line":277,"column":24},"end":{"line":277,"column":64},"skip":true},"62":{"start":{"line":279,"column":24},"end":{"line":279,"column":40},"skip":true},"63":{"start":{"line":281,"column":24},"end":{"line":281,"column":40},"skip":true},"64":{"start":{"line":283,"column":24},"end":{"line":283,"column":39},"skip":true},"65":{"start":{"line":288,"column":8},"end":{"line":290,"column":9},"skip":true},"66":{"start":{"line":289,"column":12},"end":{"line":289,"column":18},"skip":true},"67":{"start":{"line":291,"column":8},"end":{"line":293,"column":54},"skip":true},"68":{"start":{"line":294,"column":8},"end":{"line":301,"column":37},"skip":true},"69":{"start":{"line":302,"column":8},"end":{"line":302,"column":82},"skip":true},"70":{"start":{"line":305,"column":8},"end":{"line":307,"column":9},"skip":true},"71":{"start":{"line":306,"column":12},"end":{"line":306,"column":82},"skip":true},"72":{"start":{"line":309,"column":8},"end":{"line":311,"column":9},"skip":true},"73":{"start":{"line":310,"column":12},"end":{"line":310,"column":18},"skip":true},"74":{"start":{"line":312,"column":8},"end":{"line":312,"column":54},"skip":true},"75":{"start":{"line":313,"column":8},"end":{"line":313,"column":69},"skip":true},"76":{"start":{"line":314,"column":8},"end":{"line":322,"column":36},"skip":true},"77":{"start":{"line":315,"column":12},"end":{"line":315,"column":61},"skip":true},"78":{"start":{"line":316,"column":12},"end":{"line":319,"column":13},"skip":true},"79":{"start":{"line":317,"column":16},"end":{"line":317,"column":75},"skip":true},"80":{"start":{"line":318,"column":16},"end":{"line":318,"column":23},"skip":true},"81":{"start":{"line":320,"column":12},"end":{"line":320,"column":38},"skip":true},"82":{"start":{"line":321,"column":12},"end":{"line":321,"column":27},"skip":true},"83":{"start":{"line":323,"column":8},"end":{"line":323,"column":14},"skip":true}},"branchMap":{"1":{"line":39,"type":"binary-expr","locations":[{"start":{"line":39,"column":23},"end":{"line":39,"column":62}},{"start":{"line":40,"column":20},"end":{"line":40,"column":70}},{"start":{"line":41,"column":20},"end":{"line":41,"column":71}},{"start":{"line":42,"column":20},"end":{"line":42,"column":29}}]},"2":{"line":44,"type":"binary-expr","locations":[{"start":{"line":44,"column":23},"end":{"line":44,"column":37}},{"start":{"line":45,"column":20},"end":{"line":45,"column":61}},{"start":{"line":46,"column":20},"end":{"line":46,"column":70}},{"start":{"line":47,"column":20},"end":{"line":47,"column":26}}]},"3":{"line":51,"type":"cond-expr","locations":[{"start":{"line":52,"column":14},"end":{"line":52,"column":20}},{"start":{"line":53,"column":14},"end":{"line":53,"column":20}}]},"4":{"line":55,"type":"binary-expr","locations":[{"start":{"line":55,"column":16},"end":{"line":55,"column":44}},{"start":{"line":55,"column":49},"end":{"line":57,"column":43}}]},"5":{"line":55,"type":"cond-expr","locations":[{"start":{"line":56,"column":14},"end":{"line":56,"column":55}},{"start":{"line":57,"column":14},"end":{"line":57,"column":43}}]},"6":{"line":61,"type":"switch","locations":[{"start":{"line":68,"column":4},"end":{"line":150,"column":14},"skip":true},{"start":{"line":156,"column":4},"end":{"line":323,"column":14},"skip":true}]},"7":{"line":70,"type":"if","locations":[{"start":{"line":70,"column":12},"end":{"line":70,"column":12},"skip":true},{"start":{"line":70,"column":12},"end":{"line":70,"column":12},"skip":true}]},"8":{"line":70,"type":"binary-expr","locations":[{"start":{"line":70,"column":16},"end":{"line":70,"column":22},"skip":true},{"start":{"line":70,"column":27},"end":{"line":70,"column":32},"skip":true},{"start":{"line":71,"column":20},"end":{"line":71,"column":39},"skip":true},{"start":{"line":72,"column":20},"end":{"line":72,"column":49},"skip":true},{"start":{"line":73,"column":20},"end":{"line":73,"column":58},"skip":true},{"start":{"line":74,"column":20},"end":{"line":74,"column":69},"skip":true}]},"9":{"line":79,"type":"switch","locations":[{"start":{"line":80,"column":20},"end":{"line":80,"column":33},"skip":true},{"start":{"line":81,"column":20},"end":{"line":83,"column":30},"skip":true},{"start":{"line":84,"column":20},"end":{"line":85,"column":49},"skip":true}]},"10":{"line":89,"type":"switch","locations":[{"start":{"line":90,"column":12},"end":{"line":103,"column":22},"skip":true},{"start":{"line":105,"column":12},"end":{"line":106,"column":22},"skip":true}]},"11":{"line":89,"type":"binary-expr","locations":[{"start":{"line":89,"column":20},"end":{"line":89,"column":25},"skip":true},{"start":{"line":89,"column":29},"end":{"line":89,"column":48},"skip":true},{"start":{"line":89,"column":52},"end":{"line":89,"column":74},"skip":true}]},"12":{"line":92,"type":"if","locations":[{"start":{"line":92,"column":16},"end":{"line":92,"column":16},"skip":true},{"start":{"line":92,"column":16},"end":{"line":92,"column":16},"skip":true}]},"13":{"line":108,"type":"if","locations":[{"start":{"line":108,"column":12},"end":{"line":108,"column":12},"skip":true},{"start":{"line":108,"column":12},"end":{"line":108,"column":12},"skip":true}]},"14":{"line":108,"type":"binary-expr","locations":[{"start":{"line":108,"column":16},"end":{"line":108,"column":61},"skip":true},{"start":{"line":108,"column":66},"end":{"line":108,"column":72},"skip":true},{"start":{"line":108,"column":77},"end":{"line":108,"column":82},"skip":true},{"start":{"line":109,"column":20},"end":{"line":109,"column":39},"skip":true},{"start":{"line":110,"column":20},"end":{"line":110,"column":49},"skip":true},{"start":{"line":111,"column":20},"end":{"line":111,"column":58},"skip":true},{"start":{"line":112,"column":20},"end":{"line":112,"column":68},"skip":true}]},"15":{"line":129,"type":"if","locations":[{"start":{"line":129,"column":16},"end":{"line":129,"column":16},"skip":true},{"start":{"line":129,"column":16},"end":{"line":129,"column":16},"skip":true}]},"16":{"line":134,"type":"cond-expr","locations":[{"start":{"line":135,"column":26},"end":{"line":135,"column":29},"skip":true},{"start":{"line":136,"column":26},"end":{"line":136,"column":54},"skip":true}]},"17":{"line":164,"type":"binary-expr","locations":[{"start":{"line":164,"column":27},"end":{"line":164,"column":43},"skip":true},{"start":{"line":164,"column":47},"end":{"line":164,"column":49},"skip":true}]},"18":{"line":258,"type":"if","locations":[{"start":{"line":258,"column":8},"end":{"line":258,"column":8},"skip":true},{"start":{"line":258,"column":8},"end":{"line":258,"column":8},"skip":true}]},"19":{"line":275,"type":"switch","locations":[{"start":{"line":276,"column":20},"end":{"line":277,"column":64},"skip":true},{"start":{"line":278,"column":20},"end":{"line":279,"column":40},"skip":true},{"start":{"line":280,"column":20},"end":{"line":281,"column":40},"skip":true},{"start":{"line":282,"column":20},"end":{"line":283,"column":39},"skip":true}]},"20":{"line":288,"type":"if","locations":[{"start":{"line":288,"column":8},"end":{"line":288,"column":8},"skip":true},{"start":{"line":288,"column":8},"end":{"line":288,"column":8},"skip":true}]},"21":{"line":288,"type":"binary-expr","locations":[{"start":{"line":288,"column":12},"end":{"line":288,"column":40},"skip":true},{"start":{"line":288,"column":44},"end":{"line":288,"column":67},"skip":true}]},"22":{"line":292,"type":"binary-expr","locations":[{"start":{"line":292,"column":12},"end":{"line":292,"column":50},"skip":true},{"start":{"line":293,"column":12},"end":{"line":293,"column":53},"skip":true}]},"23":{"line":295,"type":"binary-expr","locations":[{"start":{"line":295,"column":12},"end":{"line":295,"column":69},"skip":true},{"start":{"line":296,"column":12},"end":{"line":301,"column":36},"skip":true}]},"24":{"line":302,"type":"binary-expr","locations":[{"start":{"line":302,"column":43},"end":{"line":302,"column":75},"skip":true},{"start":{"line":302,"column":79},"end":{"line":302,"column":81},"skip":true}]},"25":{"line":305,"type":"if","locations":[{"start":{"line":305,"column":8},"end":{"line":305,"column":8},"skip":true},{"start":{"line":305,"column":8},"end":{"line":305,"column":8},"skip":true}]},"26":{"line":309,"type":"if","locations":[{"start":{"line":309,"column":8},"end":{"line":309,"column":8},"skip":true},{"start":{"line":309,"column":8},"end":{"line":309,"column":8},"skip":true}]},"27":{"line":312,"type":"binary-expr","locations":[{"start":{"line":312,"column":27},"end":{"line":312,"column":43},"skip":true},{"start":{"line":312,"column":47},"end":{"line":312,"column":53},"skip":true}]},"28":{"line":316,"type":"if","locations":[{"start":{"line":316,"column":12},"end":{"line":316,"column":12},"skip":true},{"start":{"line":316,"column":12},"end":{"line":316,"column":12},"skip":true}]}},"code":["/*","example.js","","quickstart example","","instruction","    1. save this script as example.js","    2. run the shell command:","        $ npm install npmtest-node-scrapy && PORT=8081 node example.js","    3. play with the browser-demo on http://127.0.0.1:8081","*/","","","","/* istanbul instrument in package npmtest_node_scrapy */","/*jslint","    bitwise: true,","    browser: true,","    maxerr: 8,","    maxlen: 96,","    node: true,","    nomen: true,","    regexp: true,","    stupid: true","*/","(function () {","    'use strict';","    var local;","","","","    // run shared js-env code - pre-init","    (function () {","        // init local","        local = {};","        // init modeJs","        local.modeJs = (function () {","            try {","                return typeof navigator.userAgent === 'string' &&","                    typeof document.querySelector('body') === 'object' &&","                    typeof XMLHttpRequest.prototype.open === 'function' &&","                    'browser';","            } catch (errorCaughtBrowser) {","                return module.exports &&","                    typeof process.versions.node === 'string' &&","                    typeof require('http').createServer === 'function' &&","                    'node';","            }","        }());","        // init global","        local.global = local.modeJs === 'browser'","            ? window","            : global;","        // init utility2_rollup","        local = local.global.utility2_rollup || (local.modeJs === 'browser'","            ? local.global.utility2_npmtest_node_scrapy","            : global.utility2_moduleExports);","        // export local","        local.global.local = local;","    }());","    switch (local.modeJs) {","","","","    // post-init","    // run browser js-env code - post-init","    /* istanbul ignore next */","    case 'browser':","        local.testRunBrowser = function (event) {","            if (!event || (event &&","                    event.currentTarget &&","                    event.currentTarget.className &&","                    event.currentTarget.className.includes &&","                    event.currentTarget.className.includes('onreset'))) {","                // reset output","                Array.from(","                    document.querySelectorAll('body > .resettable')","                ).forEach(function (element) {","                    switch (element.tagName) {","                    case 'INPUT':","                    case 'TEXTAREA':","                        element.value = '';","                        break;","                    default:","                        element.textContent = '';","                    }","                });","            }","            switch (event && event.currentTarget && event.currentTarget.id) {","            case 'testRunButton1':","                // show tests","                if (document.querySelector('#testReportDiv1').style.display === 'none') {","                    document.querySelector('#testReportDiv1').style.display = 'block';","                    document.querySelector('#testRunButton1').textContent =","                        'hide internal test';","                    local.modeTest = true;","                    local.testRunDefault(local);","                // hide tests","                } else {","                    document.querySelector('#testReportDiv1').style.display = 'none';","                    document.querySelector('#testRunButton1').textContent = 'run internal test';","                }","                break;","            // custom-case","            default:","                break;","            }","            if (document.querySelector('#inputTextareaEval1') && (!event || (event &&","                    event.currentTarget &&","                    event.currentTarget.className &&","                    event.currentTarget.className.includes &&","                    event.currentTarget.className.includes('oneval')))) {","                // try to eval input-code","                try {","                    /*jslint evil: true*/","                    eval(document.querySelector('#inputTextareaEval1').value);","                } catch (errorCaught) {","                    console.error(errorCaught);","                }","            }","        };","        // log stderr and stdout to #outputTextareaStdout1","        ['error', 'log'].forEach(function (key) {","            console[key + '_original'] = console[key];","            console[key] = function () {","                var element;","                console[key + '_original'].apply(console, arguments);","                element = document.querySelector('#outputTextareaStdout1');","                if (!element) {","                    return;","                }","                // append text to #outputTextareaStdout1","                element.value += Array.from(arguments).map(function (arg) {","                    return typeof arg === 'string'","                        ? arg","                        : JSON.stringify(arg, null, 4);","                }).join(' ') + '\\n';","                // scroll textarea to bottom","                element.scrollTop = element.scrollHeight;","            };","        });","        // init event-handling","        ['change', 'click', 'keyup'].forEach(function (event) {","            Array.from(document.querySelectorAll('.on' + event)).forEach(function (element) {","                element.addEventListener(event, local.testRunBrowser);","            });","        });","        // run tests","        local.testRunBrowser();","        break;","","","","    // run node js-env code - post-init","    /* istanbul ignore next */","    case 'node':","        // export local","        module.exports = local;","        // require modules","        local.fs = require('fs');","        local.http = require('http');","        local.url = require('url');","        // init assets","        local.assetsDict = local.assetsDict || {};","        /* jslint-ignore-begin */","        local.assetsDict['/assets.index.template.html'] = '\\","<!doctype html>\\n\\","<html lang=\"en\">\\n\\","<head>\\n\\","<meta charset=\"UTF-8\">\\n\\","<meta name=\"viewport\" content=\"width=device-width, initial-scale=1\">\\n\\","<title>{{env.npm_package_name}} (v{{env.npm_package_version}})</title>\\n\\","<style>\\n\\","/*csslint\\n\\","    box-sizing: false,\\n\\","    universal-selector: false\\n\\","*/\\n\\","* {\\n\\","    box-sizing: border-box;\\n\\","}\\n\\","body {\\n\\","    background: #dde;\\n\\","    font-family: Arial, Helvetica, sans-serif;\\n\\","    margin: 2rem;\\n\\","}\\n\\","body > * {\\n\\","    margin-bottom: 1rem;\\n\\","}\\n\\",".utility2FooterDiv {\\n\\","    margin-top: 20px;\\n\\","    text-align: center;\\n\\","}\\n\\","</style>\\n\\","<style>\\n\\","/*csslint\\n\\","*/\\n\\","textarea {\\n\\","    font-family: monospace;\\n\\","    height: 10rem;\\n\\","    width: 100%;\\n\\","}\\n\\","textarea[readonly] {\\n\\","    background: #ddd;\\n\\","}\\n\\","</style>\\n\\","</head>\\n\\","<body>\\n\\","<!-- utility2-comment\\n\\","<div id=\"ajaxProgressDiv1\" style=\"background: #d00; height: 2px; left: 0; margin: 0; padding: 0; position: fixed; top: 0; transition: background 0.5s, width 1.5s; width: 25%;\"></div>\\n\\","utility2-comment -->\\n\\","<h1>\\n\\","<!-- utility2-comment\\n\\","    <a\\n\\","        {{#if env.npm_package_homepage}}\\n\\","        href=\"{{env.npm_package_homepage}}\"\\n\\","        {{/if env.npm_package_homepage}}\\n\\","        target=\"_blank\"\\n\\","    >\\n\\","utility2-comment -->\\n\\","        {{env.npm_package_name}} (v{{env.npm_package_version}})\\n\\","<!-- utility2-comment\\n\\","    </a>\\n\\","utility2-comment -->\\n\\","</h1>\\n\\","<h3>{{env.npm_package_description}}</h3>\\n\\","<!-- utility2-comment\\n\\","<h4><a download href=\"assets.app.js\">download standalone app</a></h4>\\n\\","<button class=\"onclick onreset\" id=\"testRunButton1\">run internal test</button><br>\\n\\","<div id=\"testReportDiv1\" style=\"display: none;\"></div>\\n\\","utility2-comment -->\\n\\","\\n\\","\\n\\","\\n\\","<label>stderr and stdout</label>\\n\\","<textarea class=\"resettable\" id=\"outputTextareaStdout1\" readonly></textarea>\\n\\","<!-- utility2-comment\\n\\","{{#if isRollup}}\\n\\","<script src=\"assets.app.js\"></script>\\n\\","{{#unless isRollup}}\\n\\","utility2-comment -->\\n\\","<script src=\"assets.utility2.rollup.js\"></script>\\n\\","<script src=\"jsonp.utility2._stateInit?callback=window.utility2._stateInit\"></script>\\n\\","<script src=\"assets.npmtest_node_scrapy.rollup.js\"></script>\\n\\","<script src=\"assets.example.js\"></script>\\n\\","<script src=\"assets.test.js\"></script>\\n\\","<!-- utility2-comment\\n\\","{{/if isRollup}}\\n\\","utility2-comment -->\\n\\","<div class=\"utility2FooterDiv\">\\n\\","    [ this app was created with\\n\\","    <a href=\"https://github.com/kaizhu256/node-utility2\" target=\"_blank\">utility2</a>\\n\\","    ]\\n\\","</div>\\n\\","</body>\\n\\","</html>\\n\\","';","        /* jslint-ignore-end */","        if (local.templateRender) {","            local.assetsDict['/'] = local.templateRender(","                local.assetsDict['/assets.index.template.html'],","                {","                    env: local.objectSetDefault(local.env, {","                        npm_package_description: 'the greatest app in the world!',","                        npm_package_name: 'my-app',","                        npm_package_nameAlias: 'my_app',","                        npm_package_version: '0.0.1'","                    })","                }","            );","        } else {","            local.assetsDict['/'] = local.assetsDict['/assets.index.template.html']","                .replace((/\\{\\{env\\.(\\w+?)\\}\\}/g), function (match0, match1) {","                    // jslint-hack","                    String(match0);","                    switch (match1) {","                    case 'npm_package_description':","                        return 'the greatest app in the world!';","                    case 'npm_package_name':","                        return 'my-app';","                    case 'npm_package_nameAlias':","                        return 'my_app';","                    case 'npm_package_version':","                        return '0.0.1';","                    }","                });","        }","        // run the cli","        if (local.global.utility2_rollup || module !== require.main) {","            break;","        }","        local.assetsDict['/assets.example.js'] =","            local.assetsDict['/assets.example.js'] ||","            local.fs.readFileSync(__filename, 'utf8');","        local.assetsDict['/assets.npmtest_node_scrapy.rollup.js'] =","            local.assetsDict['/assets.npmtest_node_scrapy.rollup.js'] ||","            local.fs.readFileSync(","                // buildCustomOrg-hack","                local.npmtest_node_scrapy.__dirname +","                    '/lib.npmtest_node_scrapy.js',","                'utf8'","            ).replace((/^#!/), '//');","        local.assetsDict['/favicon.ico'] = local.assetsDict['/favicon.ico'] || '';","        // if $npm_config_timeout_exit exists,","        // then exit this process after $npm_config_timeout_exit ms","        if (Number(process.env.npm_config_timeout_exit)) {","            setTimeout(process.exit, Number(process.env.npm_config_timeout_exit));","        }","        // start server","        if (local.global.utility2_serverHttp1) {","            break;","        }","        process.env.PORT = process.env.PORT || '8081';","        console.error('server starting on port ' + process.env.PORT);","        local.http.createServer(function (request, response) {","            request.urlParsed = local.url.parse(request.url);","            if (local.assetsDict[request.urlParsed.pathname] !== undefined) {","                response.end(local.assetsDict[request.urlParsed.pathname]);","                return;","            }","            response.statusCode = 404;","            response.end();","        }).listen(process.env.PORT);","        break;","    }","}());",""],"l":{"26":2,"28":2,"33":2,"35":2,"37":2,"38":2,"39":2,"44":1,"51":2,"55":2,"59":2,"61":2,"69":1,"70":2,"76":2,"79":2,"82":2,"83":2,"85":1,"89":2,"92":1,"93":1,"94":1,"96":1,"97":1,"100":1,"101":1,"103":1,"106":1,"108":2,"114":1,"116":1,"118":1,"123":1,"124":2,"125":2,"126":2,"127":2,"128":2,"129":2,"130":1,"133":2,"134":2,"139":2,"143":1,"144":3,"145":1,"149":1,"150":1,"158":1,"160":1,"161":1,"162":1,"164":1,"166":1,"258":1,"259":1,"271":1,"274":6,"275":6,"277":1,"279":2,"281":1,"283":2,"288":1,"289":1,"291":1,"294":1,"302":1,"305":1,"306":1,"309":1,"310":1,"312":1,"313":1,"314":1,"315":1,"316":1,"317":1,"318":1,"320":1,"321":1,"323":1}},"/home/travis/build/npmtest/node-npmtest-node-scrapy/node_modules/node-scrapy/index.js":{"path":"/home/travis/build/npmtest/node-npmtest-node-scrapy/node_modules/node-scrapy/index.js","s":{"1":1,"2":1,"3":1,"4":1,"5":1,"6":1,"7":1,"8":1,"9":0,"10":1,"11":0,"12":0,"13":0,"14":1,"15":1,"16":1,"17":0,"18":0,"19":0,"20":0,"21":0,"22":0,"23":1,"24":0,"25":0,"26":0,"27":0,"28":0,"29":1,"30":0,"31":0,"32":0,"33":0,"34":0,"35":0,"36":0,"37":0,"38":0,"39":0,"40":0,"41":1,"42":0,"43":0,"44":0,"45":0,"46":0,"47":0,"48":0,"49":0,"50":0,"51":0,"52":0,"53":0,"54":0,"55":0,"56":0,"57":0,"58":0,"59":0,"60":0,"61":0,"62":0,"63":0,"64":0,"65":0,"66":0,"67":0,"68":0,"69":0,"70":0,"71":0,"72":0,"73":0,"74":0,"75":0,"76":0,"77":0,"78":0,"79":0,"80":0,"81":0,"82":0,"83":0,"84":0,"85":0,"86":0,"87":0,"88":0,"89":0,"90":0,"91":0,"92":0,"93":0,"94":0,"95":0,"96":0,"97":0},"b":{"1":[0,0],"2":[0,0],"3":[0,0],"4":[0,0],"5":[0,0],"6":[0,0],"7":[0,0],"8":[0,0],"9":[0,0,0,0],"10":[0,0],"11":[0,0],"12":[0,0],"13":[0,0,0],"14":[0,0],"15":[0,0],"16":[0,0]},"f":{"1":0,"2":0,"3":0,"4":0,"5":0,"6":0,"7":0,"8":0,"9":0,"10":0,"11":0,"12":0},"fnMap":{"1":{"name":"deep","line":62,"loc":{"start":{"line":62,"column":42},"end":{"line":62,"column":70}}},"2":{"name":"ScrapeError","line":70,"loc":{"start":{"line":70,"column":0},"end":{"line":70,"column":48}}},"3":{"name":"scrape","line":89,"loc":{"start":{"line":89,"column":0},"end":{"line":89,"column":41}}},"4":{"name":"processResponse","line":131,"loc":{"start":{"line":131,"column":2},"end":{"line":131,"column":43}}},"5":{"name":"parseBody","line":153,"loc":{"start":{"line":153,"column":0},"end":{"line":153,"column":51}}},"6":{"name":"getItem","line":188,"loc":{"start":{"line":188,"column":0},"end":{"line":188,"column":38}}},"7":{"name":"(anonymous_7)","line":266,"loc":{"start":{"line":266,"column":15},"end":{"line":266,"column":26}}},"8":{"name":"(anonymous_8)","line":282,"loc":{"start":{"line":282,"column":18},"end":{"line":282,"column":29}}},"9":{"name":"(anonymous_9)","line":294,"loc":{"start":{"line":294,"column":11},"end":{"line":294,"column":22}}},"10":{"name":"(anonymous_10)","line":296,"loc":{"start":{"line":296,"column":15},"end":{"line":296,"column":30}}},"11":{"name":"(anonymous_11)","line":298,"loc":{"start":{"line":298,"column":15},"end":{"line":298,"column":30}}},"12":{"name":"(anonymous_12)","line":300,"loc":{"start":{"line":300,"column":15},"end":{"line":300,"column":30}}}},"statementMap":{"1":{"start":{"line":5,"column":0},"end":{"line":5,"column":33}},"2":{"start":{"line":6,"column":0},"end":{"line":6,"column":33}},"3":{"start":{"line":7,"column":0},"end":{"line":7,"column":38}},"4":{"start":{"line":14,"column":0},"end":{"line":14,"column":42}},"5":{"start":{"line":20,"column":0},"end":{"line":20,"column":16}},"6":{"start":{"line":21,"column":0},"end":{"line":21,"column":23}},"7":{"start":{"line":22,"column":0},"end":{"line":22,"column":34}},"8":{"start":{"line":61,"column":0},"end":{"line":65,"column":3}},"9":{"start":{"line":63,"column":6},"end":{"line":63,"column":41}},"10":{"start":{"line":70,"column":0},"end":{"line":75,"column":1}},"11":{"start":{"line":71,"column":2},"end":{"line":71,"column":24}},"12":{"start":{"line":73,"column":2},"end":{"line":73,"column":27}},"13":{"start":{"line":74,"column":2},"end":{"line":74,"column":31}},"14":{"start":{"line":77,"column":0},"end":{"line":77,"column":55}},"15":{"start":{"line":78,"column":0},"end":{"line":78,"column":48}},"16":{"start":{"line":89,"column":0},"end":{"line":142,"column":1}},"17":{"start":{"line":95,"column":2},"end":{"line":112,"column":3}},"18":{"start":{"line":101,"column":4},"end":{"line":101,"column":17}},"19":{"start":{"line":102,"column":4},"end":{"line":102,"column":36}},"20":{"start":{"line":110,"column":4},"end":{"line":110,"column":38}},"21":{"start":{"line":119,"column":2},"end":{"line":119,"column":35}},"22":{"start":{"line":125,"column":2},"end":{"line":125,"column":51}},"23":{"start":{"line":131,"column":2},"end":{"line":141,"column":3}},"24":{"start":{"line":133,"column":4},"end":{"line":133,"column":32}},"25":{"start":{"line":133,"column":15},"end":{"line":133,"column":30}},"26":{"start":{"line":135,"column":4},"end":{"line":137,"column":5}},"27":{"start":{"line":136,"column":6},"end":{"line":136,"column":76}},"28":{"start":{"line":139,"column":4},"end":{"line":139,"column":40}},"29":{"start":{"line":153,"column":0},"end":{"line":178,"column":1}},"30":{"start":{"line":155,"column":2},"end":{"line":155,"column":13}},"31":{"start":{"line":156,"column":2},"end":{"line":156,"column":10}},"32":{"start":{"line":162,"column":2},"end":{"line":167,"column":3}},"33":{"start":{"line":163,"column":4},"end":{"line":163,"column":59}},"34":{"start":{"line":165,"column":4},"end":{"line":165,"column":32}},"35":{"start":{"line":166,"column":4},"end":{"line":166,"column":19}},"36":{"start":{"line":169,"column":2},"end":{"line":169,"column":52}},"37":{"start":{"line":171,"column":2},"end":{"line":174,"column":3}},"38":{"start":{"line":172,"column":4},"end":{"line":172,"column":35}},"39":{"start":{"line":173,"column":4},"end":{"line":173,"column":22}},"40":{"start":{"line":176,"column":2},"end":{"line":176,"column":26}},"41":{"start":{"line":188,"column":0},"end":{"line":348,"column":1}},"42":{"start":{"line":190,"column":2},"end":{"line":190,"column":11}},"43":{"start":{"line":191,"column":2},"end":{"line":191,"column":10}},"44":{"start":{"line":192,"column":2},"end":{"line":192,"column":11}},"45":{"start":{"line":193,"column":2},"end":{"line":193,"column":12}},"46":{"start":{"line":194,"column":2},"end":{"line":194,"column":15}},"47":{"start":{"line":201,"column":2},"end":{"line":231,"column":38}},"48":{"start":{"line":203,"column":4},"end":{"line":203,"column":20}},"49":{"start":{"line":204,"column":4},"end":{"line":204,"column":14}},"50":{"start":{"line":212,"column":9},"end":{"line":231,"column":38}},"51":{"start":{"line":214,"column":4},"end":{"line":214,"column":14}},"52":{"start":{"line":216,"column":4},"end":{"line":223,"column":5}},"53":{"start":{"line":218,"column":6},"end":{"line":218,"column":62}},"54":{"start":{"line":220,"column":6},"end":{"line":222,"column":7}},"55":{"start":{"line":221,"column":8},"end":{"line":221,"column":30}},"56":{"start":{"line":225,"column":4},"end":{"line":225,"column":16}},"57":{"start":{"line":231,"column":11},"end":{"line":231,"column":36}},"58":{"start":{"line":237,"column":2},"end":{"line":237,"column":33}},"59":{"start":{"line":244,"column":2},"end":{"line":244,"column":24}},"60":{"start":{"line":251,"column":2},"end":{"line":336,"column":3}},"61":{"start":{"line":253,"column":4},"end":{"line":253,"column":16}},"62":{"start":{"line":261,"column":4},"end":{"line":274,"column":5}},"63":{"start":{"line":263,"column":8},"end":{"line":263,"column":37}},"64":{"start":{"line":264,"column":8},"end":{"line":264,"column":14}},"65":{"start":{"line":266,"column":8},"end":{"line":266,"column":43}},"66":{"start":{"line":266,"column":28},"end":{"line":266,"column":40}},"67":{"start":{"line":267,"column":8},"end":{"line":267,"column":14}},"68":{"start":{"line":269,"column":8},"end":{"line":269,"column":41}},"69":{"start":{"line":270,"column":8},"end":{"line":270,"column":14}},"70":{"start":{"line":272,"column":8},"end":{"line":272,"column":42}},"71":{"start":{"line":273,"column":8},"end":{"line":273,"column":14}},"72":{"start":{"line":279,"column":4},"end":{"line":283,"column":5}},"73":{"start":{"line":280,"column":6},"end":{"line":280,"column":33}},"74":{"start":{"line":282,"column":6},"end":{"line":282,"column":57}},"75":{"start":{"line":282,"column":31},"end":{"line":282,"column":54}},"76":{"start":{"line":294,"column":4},"end":{"line":301,"column":13}},"77":{"start":{"line":295,"column":6},"end":{"line":300,"column":119}},"78":{"start":{"line":296,"column":8},"end":{"line":296,"column":111}},"79":{"start":{"line":296,"column":32},"end":{"line":296,"column":108}},"80":{"start":{"line":297,"column":11},"end":{"line":300,"column":119}},"81":{"start":{"line":298,"column":8},"end":{"line":298,"column":111}},"82":{"start":{"line":298,"column":32},"end":{"line":298,"column":108}},"83":{"start":{"line":300,"column":8},"end":{"line":300,"column":119}},"84":{"start":{"line":300,"column":32},"end":{"line":300,"column":116}},"85":{"start":{"line":312,"column":4},"end":{"line":335,"column":5}},"86":{"start":{"line":316,"column":8},"end":{"line":316,"column":32}},"87":{"start":{"line":317,"column":8},"end":{"line":317,"column":14}},"88":{"start":{"line":321,"column":8},"end":{"line":324,"column":9}},"89":{"start":{"line":322,"column":10},"end":{"line":322,"column":34}},"90":{"start":{"line":323,"column":10},"end":{"line":323,"column":16}},"91":{"start":{"line":328,"column":8},"end":{"line":328,"column":18}},"92":{"start":{"line":330,"column":8},"end":{"line":332,"column":9}},"93":{"start":{"line":331,"column":10},"end":{"line":331,"column":37}},"94":{"start":{"line":334,"column":8},"end":{"line":334,"column":14}},"95":{"start":{"line":342,"column":2},"end":{"line":344,"column":3}},"96":{"start":{"line":343,"column":4},"end":{"line":343,"column":78}},"97":{"start":{"line":346,"column":2},"end":{"line":346,"column":14}}},"branchMap":{"1":{"line":95,"type":"if","locations":[{"start":{"line":95,"column":2},"end":{"line":95,"column":2}},{"start":{"line":95,"column":2},"end":{"line":95,"column":2}}]},"2":{"line":133,"type":"if","locations":[{"start":{"line":133,"column":4},"end":{"line":133,"column":4}},{"start":{"line":133,"column":4},"end":{"line":133,"column":4}}]},"3":{"line":135,"type":"if","locations":[{"start":{"line":135,"column":4},"end":{"line":135,"column":4}},{"start":{"line":135,"column":4},"end":{"line":135,"column":4}}]},"4":{"line":171,"type":"if","locations":[{"start":{"line":171,"column":2},"end":{"line":171,"column":2}},{"start":{"line":171,"column":2},"end":{"line":171,"column":2}}]},"5":{"line":201,"type":"if","locations":[{"start":{"line":201,"column":2},"end":{"line":201,"column":2}},{"start":{"line":201,"column":2},"end":{"line":201,"column":2}}]},"6":{"line":212,"type":"if","locations":[{"start":{"line":212,"column":9},"end":{"line":212,"column":9}},{"start":{"line":212,"column":9},"end":{"line":212,"column":9}}]},"7":{"line":220,"type":"if","locations":[{"start":{"line":220,"column":6},"end":{"line":220,"column":6}},{"start":{"line":220,"column":6},"end":{"line":220,"column":6}}]},"8":{"line":251,"type":"if","locations":[{"start":{"line":251,"column":2},"end":{"line":251,"column":2}},{"start":{"line":251,"column":2},"end":{"line":251,"column":2}}]},"9":{"line":261,"type":"switch","locations":[{"start":{"line":262,"column":6},"end":{"line":264,"column":14}},{"start":{"line":265,"column":6},"end":{"line":267,"column":14}},{"start":{"line":268,"column":6},"end":{"line":270,"column":14}},{"start":{"line":271,"column":6},"end":{"line":273,"column":14}}]},"10":{"line":279,"type":"if","locations":[{"start":{"line":279,"column":4},"end":{"line":279,"column":4}},{"start":{"line":279,"column":4},"end":{"line":279,"column":4}}]},"11":{"line":295,"type":"if","locations":[{"start":{"line":295,"column":6},"end":{"line":295,"column":6}},{"start":{"line":295,"column":6},"end":{"line":295,"column":6}}]},"12":{"line":297,"type":"if","locations":[{"start":{"line":297,"column":11},"end":{"line":297,"column":11}},{"start":{"line":297,"column":11},"end":{"line":297,"column":11}}]},"13":{"line":312,"type":"switch","locations":[{"start":{"line":314,"column":6},"end":{"line":317,"column":14}},{"start":{"line":319,"column":6},"end":{"line":324,"column":9}},{"start":{"line":326,"column":6},"end":{"line":334,"column":14}}]},"14":{"line":321,"type":"if","locations":[{"start":{"line":321,"column":8},"end":{"line":321,"column":8}},{"start":{"line":321,"column":8},"end":{"line":321,"column":8}}]},"15":{"line":342,"type":"if","locations":[{"start":{"line":342,"column":2},"end":{"line":342,"column":2}},{"start":{"line":342,"column":2},"end":{"line":342,"column":2}}]},"16":{"line":342,"type":"binary-expr","locations":[{"start":{"line":342,"column":6},"end":{"line":342,"column":11}},{"start":{"line":342,"column":15},"end":{"line":342,"column":28}}]}},"code":["/**"," * Module dependencies"," */","","var request = require('request');","var cheerio = require('cheerio');","var _ = require('./lodash.custom.js');","","/**"," * A bunch of handy defaults."," * @type {Object}"," */","","var DEFAULTS = require('./defaults.json');","","/**"," * Expose `scrapy` and its `scrape()` method."," */","","var scrapy = {};","scrapy.scrape = scrape;","module.exports = exports = scrapy;","","/**"," * Add `defaultsDeep` method to lodash (`_`),"," * a recursive defaults loader."," *"," * @param {Object} destination  The destination object"," * @param {Object} source       The source object"," *"," * @return {Object}             The `destination` object with new properties"," *"," * @example"," *"," * var DEFAULTS = {"," *   likes: ['javascript'],"," *   active: false,"," *   org: 'eeshi',"," *   mainProject: {"," *     name: 'node-scrapy',"," *     org: 'esshi'"," *   }"," * }"," *"," * var sam = {"," *   name: 'Sam',"," *   likes: ['html','css'],"," *   active: true,"," *   mainProject: {"," *     name: 'supervisor'"," *   }"," * }"," *"," * _.defaultsDeep(sam, DEFAULTS)"," * // {name:\"Sam\",likes:[\"html\",\"css\"],active:true,mainProject:{name:\"supervisor\",org:\"esshi\"},org:\"eeshi\"}"," *"," * sam.mainProject === DEFAULTS.mainProject"," * // false"," */","","_.mixin({","  'defaultsDeep': _.partialRight(_.merge, function deep(value, other) {","      return _.merge(value, other, deep);","    })","});","","/**"," * Custom Error for node-scrapy"," */","function ScrapeError(msg, response, bodyString) {","  Error.call(this, msg);","","  this.response = response;","  this.bodyString = bodyString;","}","","ScrapeError.prototype = Object.create(Error.prototype);","ScrapeError.prototype.constructor = ScrapeError;","","/**"," * Scrape a web page"," * @param  {string}           url           Valid URL to scrape"," * @param  {Object|string}    model         String or object describing the data to be extracted from the given url"," * @param  {Object}           [options={}]  Aditional options for request and cheerio"," * @param  {Function}         cb            Standard nodejs callback"," * @return {null}"," */","","function scrape(url, model, options, cb) {","","  /**","   * Make `options` argument optional","   */","","  if ('function' === typeof options) {","","    /**","     * Interchange `cb`'s position and fill `options` with nice defaults","     */","","    cb = options;","    options = _.cloneDeep(DEFAULTS);","","  } else {","","    /**","     * Merge all options from `DEFAULTS` not present in `options`","     */","","    _.defaultsDeep(options, DEFAULTS);","","  }","","  /**","   * Set `request`'s Uniform Resource Identifier to provied `url`","   * @type {string}","   */","","  options.requestOptions.uri = url;","","  /**","   * Call `request()` to get the resource","   */","","  request(options.requestOptions, processResponse);","","  /**","   * Handle `request()`'s result: Chain `err` or proceed to parse the resource.","   */","","  function processResponse(err, res, body) {","","    if (err) { return cb(err); }","","    if (res.statusCode !== 200) {","      return cb(new ScrapeError('Not OK response from server.', res, body));","    }","","    parseBody(body, model, options, cb);","","  }","}","","/**"," * Parse the HTML in search of each item in `model`"," * @param  {string}           bodyString  HTML content"," * @param  {Object|string}    model       Data model or string"," * @param  {Object}           options     Item defaults"," * @param  {Function}         cb          Callback"," * @return {null}"," */","","function parseBody(bodyString, model, options, cb) {","","  var result;","  var dom;","","  /**","   * Load the HTML and parse it with cheerio to create a DOM","   */","","  try {","    dom = cheerio.load(bodyString, options.cheerioOptions);","  } catch (err) {","    err.bodyString = bodyString;","    return cb(err);","  }","","  result = getItem(dom, model, options.itemOptions);","","  if (result instanceof Error) {","    result.bodyString = bodyString;","    return cb(result);","  }","","  return cb(null, result);","","}","","/**"," * Given a `dom`, traverse it to get the desired item"," * @param  {Object}           dom       cheerio object"," * @param  {(string|Object)}  item      Can be a string holding the `selector`, an Object with multiple options, including `selector`, or an embedded Object with no `selector`."," * @param  {Object}           defaults  Default options to fullfill `item`'s unset options"," * @return {string|string[]|Error}      Returns a string or an array of strings with the result... or Error"," */","","function getItem(dom, item, defaults) {","","  var data;","  var get;","  var trim;","  var nodes;","  var selector;","","  /**","   * If the `item` itself is a selector, grab it as `selector` and set item to","   * a new empty object.","   */","","  if ('string' === typeof item) {","","    selector = item;","    item = {};","","  /**","   * If not, it should be an object.","   * If it has no `selector`, it means it is an embedded document, so resolve it","   * recursively.","   */","","  } else if (!item.selector) {","","    data = {};","","    for (var embedded in item) {","","      data[embedded] = getItem(dom, item[embedded], defaults);","","      if (data[embedded] instanceof Error) {","        return data[embedded];","      }","    }","","    return data;","","  /**","   * If it does have a `selector`, use it!","   */","","  } else { selector = item.selector; }","","  /**","   * Then fulfill the `item` with nice `defaults`.","   */","","  _.defaultsDeep(item, defaults);","","  /**","   * This is an array of cheerio objects. Always an array.","   * @type {Object}","   */","","  nodes = dom(selector);","","  /**","   * If there are no matches for the given `selector` set the result as `null`","   * Ohterwise, proceed to process the result.","   */","","  if (!nodes.length) {","","    data = null;","","  } else {","","    /**","     * Configure the `trim` function based on the item.trim options.","     * If `false`, simply return the same value.","     */","    switch (item.trim) {","      case true:","        trim = String.prototype.trim;","        break;","      case false:","        trim = function() { return this; };","        break;","      case 'left':","        trim = String.prototype.trimLeft;","        break;","      case 'right':","        trim = String.prototype.trimRight;","        break;","    }","","    /**","     * Configure transformation function.","     */","    if ('function' === typeof item.transform) {","      transform = item.transform;","    } else {","      transform = function() { return this.toString(); };","    }","","    /**","     * The text of a node is what you probably are looking for. Scraping is all","     * about content.","     * Cheerio has the `.text()` method to get it, this is the default.","     * If you are looking for something else, it must be an attribute, like a","     * link's `href` or an image/script's `src` or a form's `action`.","     * @type {Function}","     */","","    get = (function(i){","      if (i.get === 'text')","        return function(node) { return transform.apply(item.prefix + trim.apply(node.text()) + item.suffix); };","      else if (i.get === 'html') ","        return function(node) { return transform.apply(item.prefix + trim.apply(node.html()) + item.suffix); };","      else ","        return function(node) { return transform.apply(item.prefix + trim.apply(node.attr(item.get)) + item.suffix); };","    })(item);   ","","    /**","     * When `unique` is set to `true`, only the first match will be returned, no","     * matter how many elements actually matched the `selector`.","     * When set to `false`, it will return the results into an array, even when","     * only one element matched the `selector`.","     * When set to `'auto'`, (scrapy's default) an unwrapped result will be returned","     * when a single element matched the `selector`, an array if many.","     */","","    switch (item.unique) {","","      case true:","","        data = get(nodes.eq(0));","        break;","","      case 'auto':","","        if (nodes.length === 1) {","          data = get(nodes.eq(0));","          break;","        }","","      case false:","","        data = [];","","        for (var i = nodes.length - 1; i >= 0; i--) {","          data[i] = get(nodes.eq(i));","        }","","        break;","    }","  }","","  /**","   * When no element is found for the given `selector` but it was explicitly","   * `required`, return an `Error` instead of `data`.","   */","  if (!data && item.required) {","    return new Error('Item [' + selector + '] set as REQUIRED and NOT found');","  }","","  return data;","","}"],"l":{"5":1,"6":1,"7":1,"14":1,"20":1,"21":1,"22":1,"61":1,"63":0,"70":1,"71":0,"73":0,"74":0,"77":1,"78":1,"89":1,"95":0,"101":0,"102":0,"110":0,"119":0,"125":0,"131":1,"133":0,"135":0,"136":0,"139":0,"153":1,"155":0,"156":0,"162":0,"163":0,"165":0,"166":0,"169":0,"171":0,"172":0,"173":0,"176":0,"188":1,"190":0,"191":0,"192":0,"193":0,"194":0,"201":0,"203":0,"204":0,"212":0,"214":0,"216":0,"218":0,"220":0,"221":0,"225":0,"231":0,"237":0,"244":0,"251":0,"253":0,"261":0,"263":0,"264":0,"266":0,"267":0,"269":0,"270":0,"272":0,"273":0,"279":0,"280":0,"282":0,"294":0,"295":0,"296":0,"297":0,"298":0,"300":0,"312":0,"316":0,"317":0,"321":0,"322":0,"323":0,"328":0,"330":0,"331":0,"334":0,"342":0,"343":0,"346":0}},"/home/travis/build/npmtest/node-npmtest-node-scrapy/node_modules/node-scrapy/lodash.custom.js":{"path":"/home/travis/build/npmtest/node-npmtest-node-scrapy/node_modules/node-scrapy/lodash.custom.js","s":{"1":1,"2":1,"3":1,"4":1,"5":1,"6":1,"7":1,"8":1,"9":1,"10":1,"11":1,"12":1,"13":1,"14":1,"15":1,"16":1,"17":1,"18":1,"19":1,"20":1,"21":0,"22":1,"23":0,"24":0,"25":0,"26":1,"27":1,"28":1,"29":1,"30":1,"31":1,"32":1,"33":1,"34":1,"35":1,"36":1,"37":1,"38":1,"39":1,"40":1,"41":1,"42":1,"43":1,"44":1,"45":1,"46":1,"47":1,"48":1,"49":1,"50":1,"51":1,"52":1,"53":1,"54":0,"55":1,"56":0,"57":0,"58":1,"59":1,"60":1,"61":0,"62":1,"63":1,"64":0,"65":1,"66":0,"67":0,"68":0,"69":0,"70":0,"71":0,"72":0,"73":0,"74":0,"75":1,"76":0,"77":0,"78":0,"79":0,"80":0,"81":0,"82":0,"83":0,"84":0,"85":0,"86":0,"87":0,"88":0,"89":0,"90":0,"91":0,"92":0,"93":0,"94":0,"95":0,"96":0,"97":0,"98":0,"99":0,"100":0,"101":0,"102":0,"103":0,"104":0,"105":0,"106":0,"107":0,"108":0,"109":0,"110":0,"111":0,"112":0,"113":0,"114":0,"115":0,"116":0,"117":0,"118":0,"119":1,"120":0,"121":1,"122":0,"123":1,"124":0,"125":0,"126":0,"127":0,"128":0,"129":0,"130":1,"131":0,"132":0,"133":0,"134":0,"135":0,"136":0,"137":0,"138":0,"139":0,"140":0,"141":0,"142":0,"143":0,"144":0,"145":0,"146":0,"147":0,"148":0,"149":0,"150":0,"151":0,"152":0,"153":0,"154":0,"155":0,"156":0,"157":0,"158":0,"159":1,"160":1,"161":1,"162":1,"163":0,"164":0,"165":0,"166":0,"167":0,"168":0,"169":0,"170":0,"171":0,"172":0,"173":0,"174":0,"175":0,"176":0,"177":0,"178":0,"179":0,"180":0,"181":0,"182":1,"183":1,"184":1,"185":0,"186":0,"187":0,"188":0,"189":0,"190":0,"191":0,"192":0,"193":0,"194":0,"195":0,"196":0,"197":0,"198":0,"199":0,"200":0,"201":0,"202":0,"203":0,"204":0,"205":0,"206":0,"207":0,"208":0,"209":0,"210":0,"211":0,"212":1,"213":1,"214":1,"215":0,"216":1,"217":0,"218":0,"219":1,"220":0,"221":0,"222":1,"223":1,"224":0,"225":0,"226":0,"227":0,"228":0,"229":0,"230":0,"231":0,"232":0,"233":0,"234":0,"235":0,"236":0,"237":0,"238":0,"239":0,"240":0,"241":1,"242":1,"243":1,"244":6,"245":1,"246":1,"247":1,"248":1,"249":0,"250":0,"251":0,"252":0,"253":0,"254":0,"255":1,"256":0,"257":1,"258":0,"259":0,"260":0,"261":0,"262":0,"263":0,"264":0,"265":0,"266":0,"267":1,"268":2,"269":0,"270":2,"271":1,"272":0,"273":0,"274":0,"275":0,"276":0,"277":0,"278":0,"279":0,"280":0,"281":0,"282":0,"283":0,"284":0,"285":0,"286":0,"287":0,"288":1,"289":0,"290":1,"291":3,"292":3,"293":0,"294":3,"295":0,"296":3,"297":3,"298":24,"299":0,"300":3,"301":1,"302":2,"303":2,"304":0,"305":2,"306":0,"307":2,"308":2,"309":2,"310":44,"311":44,"312":0,"313":2,"314":1,"315":3,"316":3,"317":24,"318":22,"319":3,"320":1,"321":28,"322":1,"323":4,"324":1,"325":0,"326":0,"327":0,"328":0,"329":1,"330":0,"331":0,"332":0,"333":0,"334":0,"335":0,"336":0,"337":0,"338":0,"339":0,"340":0,"341":0,"342":0,"343":0,"344":0,"345":1,"346":6,"347":6,"348":6,"349":6,"350":32,"351":0,"352":0,"353":6,"354":1,"355":0,"356":1,"357":1,"358":1,"359":0,"360":1,"361":3,"362":3,"363":3,"364":3,"365":3,"366":3,"367":3,"368":3,"369":3,"370":1,"371":2,"372":0,"373":3,"374":3,"375":22,"376":22,"377":22,"378":0,"379":0,"380":0,"381":0,"382":0,"383":0,"384":0,"385":0,"386":0,"387":1,"388":1,"389":0,"390":0,"391":0,"392":1,"393":0,"394":0,"395":1,"396":0,"397":1,"398":0,"399":1,"400":1,"401":1,"402":1,"403":1,"404":1,"405":1,"406":1,"407":1,"408":1,"409":1,"410":1,"411":1,"412":1,"413":1,"414":1,"415":1,"416":1,"417":1,"418":1,"419":1,"420":1,"421":1,"422":1,"423":1,"424":22,"425":9,"426":1,"427":1,"428":22,"429":22,"430":1,"431":0,"432":0,"433":1,"434":1,"435":1,"436":1,"437":1,"438":1,"439":3,"440":3,"441":0,"442":0,"443":1,"444":4,"445":4,"446":0,"447":0,"448":1,"449":3,"450":3,"451":0,"452":1,"453":1,"454":1},"b":{"1":[1,0,1],"2":[1,1,1,1],"3":[1,1,1,1],"4":[1,1,1],"5":[1,1],"6":[1,0],"7":[1,1,0],"8":[0,0],"9":[0,0],"10":[1,0],"11":[1,0],"12":[1,0],"13":[1,0],"14":[0,1],"15":[1,1],"16":[1,1],"17":[1,1],"18":[1,1],"19":[1,1],"20":[1,1],"21":[0,0],"22":[0,0,0,0],"23":[1,1],"24":[0,0],"25":[0,0],"26":[0,0],"27":[0,0],"28":[0,0],"29":[0,0],"30":[0,0],"31":[0,0],"32":[0,0],"33":[0,0,0,0,0],"34":[0,0],"35":[0,0],"36":[0,0],"37":[0,0],"38":[0,0],"39":[0,0],"40":[0,0],"41":[0,0],"42":[0,0],"43":[0,0],"44":[0,0],"45":[0,0],"46":[0,0],"47":[0,1],"48":[0,0],"49":[0,0],"50":[0,0],"51":[0,0],"52":[0,0],"53":[0,0],"54":[0,0],"55":[0,0],"56":[0,0],"57":[0,0],"58":[0,0],"59":[0,0],"60":[0,0,0],"61":[0,0,0,0],"62":[0,0],"63":[0,0],"64":[0,0],"65":[0,0],"66":[0,0],"67":[0,0],"68":[0,0],"69":[0,0],"70":[0,0],"71":[0,0],"72":[0,0],"73":[0,0],"74":[0,0],"75":[0,0],"76":[0,0],"77":[0,0,0],"78":[0,0],"79":[0,0],"80":[0,0],"81":[0,0],"82":[0,0],"83":[0,0],"84":[0,0],"85":[0,0],"86":[0,0],"87":[0,0],"88":[0,0],"89":[0,0],"90":[0,1],"91":[1,1],"92":[0,1],"93":[1,0],"94":[0,1],"95":[1,1],"96":[1,1],"97":[0,1],"98":[1,0],"99":[0,0],"100":[0,0],"101":[0,0],"102":[0,0],"103":[0,0],"104":[0,0],"105":[0,0],"106":[0,0],"107":[0,0],"108":[0,0],"109":[0,0],"110":[0,0],"111":[0,1],"112":[1,1],"113":[6,5],"114":[0,1],"115":[0,0],"116":[0,0],"117":[0,0],"118":[0,0],"119":[0,0],"120":[1,0],"121":[0,0,0,0,0],"122":[0,0],"123":[0,0],"124":[0,0],"125":[0,1],"126":[0,2],"127":[0,0],"128":[0,0],"129":[0,0],"130":[0,0],"131":[0,0],"132":[0,0],"133":[0,0],"134":[0,0],"135":[0,0],"136":[0,0],"137":[0,0],"138":[0,0],"139":[0,3],"140":[0,3],"141":[3,0],"142":[3,3],"143":[0,24],"144":[0,2],"145":[0,2],"146":[2,0],"147":[2,2],"148":[2,2],"149":[2,0],"150":[0,44],"151":[22,2],"152":[4,2],"153":[0,1],"154":[0,0],"155":[0,0],"156":[0,0,0],"157":[0,0],"158":[0,0],"159":[0,0],"160":[0,0],"161":[0,0],"162":[0,0],"163":[0,0],"164":[0,0],"165":[6,0],"166":[6,0],"167":[6,6],"168":[6,0],"169":[0,32],"170":[0,0],"171":[3,0],"172":[3,0],"173":[3,0,0],"174":[3,0],"175":[1,2],"176":[0,2],"177":[2,0],"178":[22,0],"179":[0,0],"180":[0,0],"181":[0,0],"182":[0,0],"183":[9,13],"184":[1,21],"185":[0,0],"186":[0,0,0,0],"187":[0,0],"188":[0,0],"189":[1,0],"190":[1,1],"191":[1,0]},"f":{"1":1,"2":0,"3":0,"4":1,"5":1,"6":0,"7":0,"8":0,"9":0,"10":0,"11":0,"12":0,"13":0,"14":0,"15":0,"16":0,"17":0,"18":0,"19":0,"20":0,"21":0,"22":1,"23":0,"24":0,"25":0,"26":1,"27":6,"28":1,"29":0,"30":0,"31":0,"32":0,"33":2,"34":0,"35":0,"36":3,"37":2,"38":3,"39":24,"40":28,"41":4,"42":0,"43":0,"44":6,"45":0,"46":1,"47":0,"48":3,"49":22,"50":0,"51":0,"52":0,"53":0,"54":0,"55":0,"56":1,"57":22,"58":22,"59":0,"60":3,"61":0,"62":4,"63":0,"64":3,"65":0},"fnMap":{"1":{"name":"(anonymous_1)","line":10,"loc":{"start":{"line":10,"column":2},"end":{"line":10,"column":13}}},"2":{"name":"getArray","line":90,"loc":{"start":{"line":90,"column":2},"end":{"line":90,"column":22}}},"3":{"name":"releaseArray","line":100,"loc":{"start":{"line":100,"column":2},"end":{"line":100,"column":31}}},"4":{"name":"slice","line":120,"loc":{"start":{"line":120,"column":2},"end":{"line":120,"column":36}}},"5":{"name":"(anonymous_5)","line":166,"loc":{"start":{"line":166,"column":24},"end":{"line":166,"column":35}}},"6":{"name":"lodash","line":259,"loc":{"start":{"line":259,"column":2},"end":{"line":259,"column":25}}},"7":{"name":"lodashWrapper","line":274,"loc":{"start":{"line":274,"column":2},"end":{"line":274,"column":42}}},"8":{"name":"(anonymous_8)","line":297,"loc":{"start":{"line":297,"column":65},"end":{"line":297,"column":76}}},"9":{"name":"baseBind","line":317,"loc":{"start":{"line":317,"column":2},"end":{"line":317,"column":30}}},"10":{"name":"bound","line":322,"loc":{"start":{"line":322,"column":4},"end":{"line":322,"column":21}}},"11":{"name":"baseClone","line":358,"loc":{"start":{"line":358,"column":2},"end":{"line":358,"column":62}}},"12":{"name":"(anonymous_12)","line":427,"loc":{"start":{"line":427,"column":38},"end":{"line":427,"column":62}}},"13":{"name":"baseCreate","line":446,"loc":{"start":{"line":446,"column":2},"end":{"line":446,"column":45}}},"14":{"name":"(anonymous_14)","line":451,"loc":{"start":{"line":451,"column":18},"end":{"line":451,"column":29}}},"15":{"name":"Object","line":452,"loc":{"start":{"line":452,"column":6},"end":{"line":452,"column":24}}},"16":{"name":"(anonymous_16)","line":453,"loc":{"start":{"line":453,"column":13},"end":{"line":453,"column":33}}},"17":{"name":"baseCreateCallback","line":474,"loc":{"start":{"line":474,"column":2},"end":{"line":474,"column":55}}},"18":{"name":"(anonymous_18)","line":505,"loc":{"start":{"line":505,"column":21},"end":{"line":505,"column":37}}},"19":{"name":"(anonymous_19)","line":508,"loc":{"start":{"line":508,"column":21},"end":{"line":508,"column":36}}},"20":{"name":"(anonymous_20)","line":511,"loc":{"start":{"line":511,"column":21},"end":{"line":511,"column":56}}},"21":{"name":"(anonymous_21)","line":514,"loc":{"start":{"line":514,"column":21},"end":{"line":514,"column":69}}},"22":{"name":"baseCreateWrapper","line":529,"loc":{"start":{"line":529,"column":2},"end":{"line":529,"column":39}}},"23":{"name":"bound","line":543,"loc":{"start":{"line":543,"column":4},"end":{"line":543,"column":21}}},"24":{"name":"baseMerge","line":585,"loc":{"start":{"line":585,"column":2},"end":{"line":585,"column":63}}},"25":{"n
[...]
the `Object` constructor.","   *","   * @static","   * @memberOf _","   * @category Objects","   * @param {*} value The value to check.","   * @returns {boolean} Returns `true` if `value` is a plain object, else `false`.","   * @example","   *","   * function Shape() {","   *   this.x = 0;","   *   this.y = 0;","   * }","   *","   * _.isPlainObject(new Shape);","   * // => false","   *","   * _.isPlainObject([1, 2, 3]);","   * // => false","   *","   * _.isPlainObject({ 'x': 0, 'y': 0 });","   * // => true","   */","  var isPlainObject = !getPrototypeOf ? shimIsPlainObject : function(value) {","    if (!(value && toString.call(value) == objectClass)) {","      return false;","    }","    var valueOf = value.valueOf,","        objProto = isNative(valueOf) && (objProto = getPrototypeOf(valueOf)) && getPrototypeOf(objProto);","","    return objProto","      ? (value == objProto || getPrototypeOf(value) == objProto)","      : shimIsPlainObject(value);","  };","","  /**","   * Recursively merges own enumerable properties of the source object(s), that","   * don't resolve to `undefined` into the destination object. Subsequent sources","   * will overwrite property assignments of previous sources. If a callback is","   * provided it will be executed to produce the merged values of the destination","   * and source properties. If the callback returns `undefined` merging will","   * be handled by the method instead. The callback is bound to `thisArg` and","   * invoked with two arguments; (objectValue, sourceValue).","   *","   * @static","   * @memberOf _","   * @category Objects","   * @param {Object} object The destination object.","   * @param {...Object} [source] The source objects.","   * @param {Function} [callback] The function to customize merging properties.","   * @param {*} [thisArg] The `this` binding of `callback`.","   * @returns {Object} Returns the destination object.","   * @example","   *","   * var names = {","   *   'characters': [","   *     { 'name': 'barney' },","   *     { 'name': 'fred' }","   *   ]","   * };","   *","   * var ages = {","   *   'characters': [","   *     { 'age': 36 },","   *     { 'age': 40 }","   *   ]","   * };","   *","   * _.merge(names, ages);","   * // => { 'characters': [{ 'name': 'barney', 'age': 36 }, { 'name': 'fred', 'age': 40 }] }","   *","   * var food = {","   *   'fruits': ['apple'],","   *   'vegetables': ['beet']","   * };","   *","   * var otherFood = {","   *   'fruits': ['banana'],","   *   'vegetables': ['carrot']","   * };","   *","   * _.merge(food, otherFood, function(a, b) {","   *   return _.isArray(a) ? a.concat(b) : undefined;","   * });","   * // => { 'fruits': ['apple', 'banana'], 'vegetables': ['beet', 'carrot] }","   */","  function merge(object) {","    var args = arguments,","        length = 2;","","    if (!isObject(object)) {","      return object;","    }","    // allows working with `_.reduce` and `_.reduceRight` without using","    // their `index` and `collection` arguments","    if (typeof args[2] != 'number') {","      length = args.length;","    }","    if (length > 3 && typeof args[length - 2] == 'function') {","      var callback = baseCreateCallback(args[--length - 1], args[length--], 2);","    } else if (length > 2 && typeof args[length - 1] == 'function') {","      callback = args[--length];","    }","    var sources = slice(arguments, 1, length),","        index = -1,","        stackA = getArray(),","        stackB = getArray();","","    while (++index < length) {","      baseMerge(object, sources[index], callback, stackA, stackB);","    }","    releaseArray(stackA);","    releaseArray(stackB);","    return object;","  }","","  /*--------------------------------------------------------------------------*/","","  /**","   * Iterates over elements of a collection, executing the callback for each","   * element. The callback is bound to `thisArg` and invoked with three arguments;","   * (value, index|key, collection). Callbacks may exit iteration early by","   * explicitly returning `false`.","   *","   * Note: As with other \"Collections\" methods, objects with a `length` property","   * are iterated like arrays. To avoid this behavior `_.forIn` or `_.forOwn`","   * may be used for object iteration.","   *","   * @static","   * @memberOf _","   * @alias each","   * @category Collections","   * @param {Array|Object|string} collection The collection to iterate over.","   * @param {Function} [callback=identity] The function called per iteration.","   * @param {*} [thisArg] The `this` binding of `callback`.","   * @returns {Array|Object|string} Returns `collection`.","   * @example","   *","   * _([1, 2, 3]).forEach(function(num) { console.log(num); }).join(',');","   * // => logs each number and returns '1,2,3'","   *","   * _.forEach({ 'one': 1, 'two': 2, 'three': 3 }, function(num) { console.log(num); });","   * // => logs each number and returns the object (property order is not guaranteed across environments)","   */","  function forEach(collection, callback, thisArg) {","    var index = -1,","        length = collection ? collection.length : 0;","","    callback = callback && typeof thisArg == 'undefined' ? callback : baseCreateCallback(callback, thisArg, 3);","    if (typeof length == 'number') {","      while (++index < length) {","        if (callback(collection[index], index, collection) === false) {","          break;","        }","      }","    } else {","      forOwn(collection, callback);","    }","    return collection;","  }","","  /*--------------------------------------------------------------------------*/","","  /**","   * Creates a function that, when called, invokes `func` with the `this`","   * binding of `thisArg` and prepends any additional `bind` arguments to those","   * provided to the bound function.","   *","   * @static","   * @memberOf _","   * @category Functions","   * @param {Function} func The function to bind.","   * @param {*} [thisArg] The `this` binding of `func`.","   * @param {...*} [arg] Arguments to be partially applied.","   * @returns {Function} Returns the new bound function.","   * @example","   *","   * var func = function(greeting) {","   *   return greeting + ' ' + this.name;","   * };","   *","   * func = _.bind(func, { 'name': 'fred' }, 'hi');","   * func();","   * // => 'hi fred'","   */","  function bind(func, thisArg) {","    return arguments.length > 2","      ? createWrapper(func, 17, slice(arguments, 2), null, thisArg)","      : createWrapper(func, 1, null, null, thisArg);","  }","","  /**","   * This method is like `_.partial` except that `partial` arguments are","   * appended to those provided to the new function.","   *","   * @static","   * @memberOf _","   * @category Functions","   * @param {Function} func The function to partially apply arguments to.","   * @param {...*} [arg] Arguments to be partially applied.","   * @returns {Function} Returns the new partially applied function.","   * @example","   *","   * var defaultsDeep = _.partialRight(_.merge, _.defaults);","   *","   * var options = {","   *   'variable': 'data',","   *   'imports': { 'jq': $ }","   * };","   *","   * defaultsDeep(options, _.templateSettings);","   *","   * options.variable","   * // => 'data'","   *","   * options.imports","   * // => { '_': _, 'jq': $ }","   */","  function partialRight(func) {","    return createWrapper(func, 32, null, slice(arguments, 1));","  }","","  /*--------------------------------------------------------------------------*/","","  /**","   * This method returns the first argument provided to it.","   *","   * @static","   * @memberOf _","   * @category Utilities","   * @param {*} value Any value.","   * @returns {*} Returns `value`.","   * @example","   *","   * var object = { 'name': 'fred' };","   * _.identity(object) === object;","   * // => true","   */","  function identity(value) {","    return value;","  }","","  /**","   * Adds function properties of a source object to the destination object.","   * If `object` is a function methods will be added to its prototype as well.","   *","   * @static","   * @memberOf _","   * @category Utilities","   * @param {Function|Object} [object=lodash] object The destination object.","   * @param {Object} source The object of functions to add.","   * @param {Object} [options] The options object.","   * @param {boolean} [options.chain=true] Specify whether the functions added are chainable.","   * @example","   *","   * function capitalize(string) {","   *   return string.charAt(0).toUpperCase() + string.slice(1).toLowerCase();","   * }","   *","   * _.mixin({ 'capitalize': capitalize });","   * _.capitalize('fred');","   * // => 'Fred'","   *","   * _('fred').capitalize().value();","   * // => 'Fred'","   *","   * _.mixin({ 'capitalize': capitalize }, { 'chain': false });","   * _('fred').capitalize();","   * // => 'Fred'","   */","  function mixin(object, source, options) {","    var chain = true,","        methodNames = source && functions(source);","","    if (!source || (!options && !methodNames.length)) {","      if (options == null) {","        options = source;","      }","      ctor = lodashWrapper;","      source = object;","      object = lodash;","      methodNames = functions(source);","    }","    if (options === false) {","      chain = false;","    } else if (isObject(options) && 'chain' in options) {","      chain = options.chain;","    }","    var ctor = object,","        isFunc = isFunction(ctor);","","    forEach(methodNames, function(methodName) {","      var func = object[methodName] = source[methodName];","      if (isFunc) {","        ctor.prototype[methodName] = function() {","          var chainAll = this.__chain__,","              value = this.__wrapped__,","              args = [value];","","          push.apply(args, arguments);","          var result = func.apply(object, args);","          if (chain || chainAll) {","            if (value === result && isObject(result)) {","              return this;","            }","            result = new ctor(result);","            result.__chain__ = chainAll;","          }","          return result;","        };","      }","    });","  }","","  /**","   * A no-operation function.","   *","   * @static","   * @memberOf _","   * @category Utilities","   * @example","   *","   * var object = { 'name': 'fred' };","   * _.noop(object) === undefined;","   * // => true","   */","  function noop() {","    // no operation performed","  }","","  /*--------------------------------------------------------------------------*/","","  /**","   * Creates a `lodash` object that wraps the given value with explicit","   * method chaining enabled.","   *","   * @static","   * @memberOf _","   * @category Chaining","   * @param {*} value The value to wrap.","   * @returns {Object} Returns the wrapper object.","   * @example","   *","   * var characters = [","   *   { 'name': 'barney',  'age': 36 },","   *   { 'name': 'fred',    'age': 40 },","   *   { 'name': 'pebbles', 'age': 1 }","   * ];","   *","   * var youngest = _.chain(characters)","   *     .sortBy('age')","   *     .map(function(chr) { return chr.name + ' is ' + chr.age; })","   *     .first()","   *     .value();","   * // => 'pebbles is 1'","   */","  function chain(value) {","    value = new lodashWrapper(value);","    value.__chain__ = true;","    return value;","  }","","  /**","   * Enables explicit method chaining on the wrapper object.","   *","   * @name chain","   * @memberOf _","   * @category Chaining","   * @returns {*} Returns the wrapper object.","   * @example","   *","   * var characters = [","   *   { 'name': 'barney', 'age': 36 },","   *   { 'name': 'fred',   'age': 40 }","   * ];","   *","   * // without explicit chaining","   * _(characters).first();","   * // => { 'name': 'barney', 'age': 36 }","   *","   * // with explicit chaining","   * _(characters).chain()","   *   .first()","   *   .pick('age')","   *   .value();","   * // => { 'age': 36 }","   */","  function wrapperChain() {","    this.__chain__ = true;","    return this;","  }","","  /**","   * Produces the `toString` result of the wrapped value.","   *","   * @name toString","   * @memberOf _","   * @category Chaining","   * @returns {string} Returns the string result.","   * @example","   *","   * _([1, 2, 3]).toString();","   * // => '1,2,3'","   */","  function wrapperToString() {","    return String(this.__wrapped__);","  }","","  /**","   * Extracts the wrapped value.","   *","   * @name valueOf","   * @memberOf _","   * @alias value","   * @category Chaining","   * @returns {*} Returns the wrapped value.","   * @example","   *","   * _([1, 2, 3]).valueOf();","   * // => [1, 2, 3]","   */","  function wrapperValueOf() {","    return this.__wrapped__;","  }","","  /*--------------------------------------------------------------------------*/","","  lodash.assign = assign;","  lodash.bind = bind;","  lodash.chain = chain;","  lodash.forEach = forEach;","  lodash.forIn = forIn;","  lodash.forOwn = forOwn;","  lodash.functions = functions;","  lodash.keys = keys;","  lodash.merge = merge;","  lodash.partialRight = partialRight;","","  lodash.each = forEach;","  lodash.extend = assign;","  lodash.methods = functions;","","  // add functions to `lodash.prototype`","  mixin(lodash);","","  /*--------------------------------------------------------------------------*/","","  lodash.cloneDeep = cloneDeep;","  lodash.identity = identity;","  lodash.isArray = isArray;","  lodash.isFunction = isFunction;","  lodash.isObject = isObject;","  lodash.isPlainObject = isPlainObject;","  lodash.mixin = mixin;","  lodash.noop = noop;","","  mixin(function() {","    var source = {}","    forOwn(lodash, function(func, methodName) {","      if (!lodash.prototype[methodName]) {","        source[methodName] = func;","      }","    });","    return source;","  }(), false);","","  /*--------------------------------------------------------------------------*/","","  forOwn(lodash, function(func, methodName) {","    var callbackable = methodName !== 'sample';","    if (!lodash.prototype[methodName]) {","      lodash.prototype[methodName]= function(n, guard) {","        var chainAll = this.__chain__,","            result = func(this.__wrapped__, n, guard);","","        return !chainAll && (n == null || (guard && !(callbackable && typeof n == 'function')))","          ? result","          : new lodashWrapper(result, chainAll);","      };","    }","  });","","  /*--------------------------------------------------------------------------*/","","  /**","   * The semantic version number.","   *","   * @static","   * @memberOf _","   * @type string","   */","  lodash.VERSION = '2.4.1';","","  // add \"Chaining\" functions to the wrapper","  lodash.prototype.chain = wrapperChain;","  lodash.prototype.toString = wrapperToString;","  lodash.prototype.value = wrapperValueOf;","  lodash.prototype.valueOf = wrapperValueOf;","","  // add `Array` functions that return unwrapped values","  forEach(['join', 'pop', 'shift'], function(methodName) {","    var func = arrayRef[methodName];","    lodash.prototype[methodName] = function() {","      var chainAll = this.__chain__,","          result = func.apply(this.__wrapped__, arguments);","","      return chainAll","        ? new lodashWrapper(result, chainAll)","        : result;","    };","  });","","  // add `Array` functions that return the existing wrapped value","  forEach(['push', 'reverse', 'sort', 'unshift'], function(methodName) {","    var func = arrayRef[methodName];","    lodash.prototype[methodName] = function() {","      func.apply(this.__wrapped__, arguments);","      return this;","    };","  });","","  // add `Array` functions that return new wrapped values","  forEach(['concat', 'slice', 'splice'], function(methodName) {","    var func = arrayRef[methodName];","    lodash.prototype[methodName] = function() {","      return new lodashWrapper(func.apply(this.__wrapped__, arguments), this.__chain__);","    };","  });","","  /*--------------------------------------------------------------------------*/","","  if (freeExports && freeModule) {","    // in Node.js or RingoJS","    if (moduleExports) {","      (freeModule.exports = lodash)._ = lodash;","    }","","  }","","}.call(this));",""],"l":{"10":1,"13":1,"16":1,"19":1,"22":1,"25":1,"28":1,"39":1,"40":1,"41":1,"47":1,"55":1,"65":1,"68":1,"71":1,"74":1,"77":1,"78":1,"79":1,"90":1,"91":0,"100":1,"101":0,"102":0,"103":0,"120":1,"121":1,"122":1,"123":1,"125":1,"129":1,"130":1,"132":1,"143":1,"146":1,"149":1,"152":1,"159":1,"166":1,"168":1,"169":1,"173":1,"177":1,"182":1,"183":1,"184":1,"185":1,"186":1,"187":1,"188":1,"189":1,"190":1,"259":1,"261":0,"274":1,"275":0,"276":0,"279":1,"288":1,"297":1,"305":1,"317":1,"318":0,"322":1,"325":0,"329":0,"330":0,"334":0,"336":0,"338":0,"340":0,"342":0,"343":0,"358":1,"359":0,"360":0,"361":0,"362":0,"366":0,"367":0,"368":0,"369":0,"370":0,"372":0,"373":0,"376":0,"380":0,"383":0,"384":0,"385":0,"388":0,"390":0,"391":0,"393":0,"394":0,"395":0,"397":0,"398":0,"399":0,"400":0,"403":0,"406":0,"409":0,"410":0,"411":0,"413":0,"414":0,"418":0,"419":0,"423":0,"424":0,"427":0,"428":0,"431":0,"432":0,"433":0,"435":0,"446":1,"447":0,"450":1,"451":0,"452":1,"453":0,"454":0,"455":0,"456":0,"457":0,"459":0,"474":1,"475":0,"476":0,"479":0,"480":0,"482":0,"483":0,"484":0,"485":0,"487":0,"488":0,"489":0,"490":0,"491":0,"493":0,"495":0,"496":0,"501":0,"502":0,"504":0,"505":0,"506":0,"508":0,"509":0,"511":0,"512":0,"514":0,"515":0,"518":0,"529":1,"530":1,"537":1,"543":1,"544":0,"545":0,"546":0,"547":0,"549":0,"550":0,"551":0,"552":0,"554":0,"555":0,"556":0,"559":0,"560":0,"561":0,"563":0,"564":0,"565":0,"566":0,"568":0,"570":1,"571":1,"585":1,"586":0,"587":0,"592":0,"594":0,"595":0,"596":0,"597":0,"598":0,"601":0,"602":0,"603":0,"604":0,"605":0,"606":0,"609":0,"610":0,"615":0,"616":0,"619":0,"620":0,"625":0,"626":0,"627":0,"628":0,"631":0,"632":0,"635":0,"661":1,"662":1,"669":1,"670":0,"672":1,"673":0,"674":0,"676":1,"677":0,"678":0,"680":1,"681":1,"683":0,"684":0,"685":0,"687":0,"688":0,"691":0,"692":0,"695":0,"696":0,"699":0,"700":0,"703":0,"704":0,"707":0,"708":0,"711":0,"712":0,"715":1,"716":1,"726":1,"727":6,"737":1,"738":1,"739":1,"752":1,"753":0,"757":0,"759":0,"764":0,"765":0,"767":0,"789":1,"790":0,"803":1,"804":0,"805":0,"806":0,"807":0,"808":0,"809":0,"812":0,"828":1,"829":2,"830":0,"832":2,"867":1,"868":0,"869":0,"870":0,"873":0,"874":0,"875":0,"876":0,"878":0,"879":0,"880":0,"881":0,"885":0,"886":0,"887":0,"891":0,"935":1,"936":0,"970":1,"971":3,"972":3,"973":3,"974":3,"975":3,"976":24,"978":3,"1002":1,"1003":2,"1004":2,"1005":2,"1006":2,"1007":2,"1011":2,"1012":44,"1013":44,"1015":2,"1033":1,"1034":3,"1035":3,"1036":24,"1037":22,"1040":3,"1056":1,"1057":28,"1080":1,"1085":4,"1112":1,"1113":0,"1114":0,"1116":0,"1119":0,"1175":1,"1176":0,"1179":0,"1180":0,"1184":0,"1185":0,"1187":0,"1188":0,"1189":0,"1190":0,"1192":0,"1197":0,"1198":0,"1200":0,"1201":0,"1202":0,"1233":1,"1234":6,"1237":6,"1238":6,"1239":6,"1240":32,"1241":0,"1245":0,"1247":6,"1274":1,"1275":0,"1307":1,"1308":1,"1327":1,"1328":0,"1359":1,"1360":3,"1363":3,"1364":3,"1365":3,"1367":3,"1368":3,"1369":3,"1370":3,"1372":3,"1373":1,"1374":2,"1375":0,"1377":3,"1380":3,"1381":22,"1382":22,"1383":22,"1384":0,"1388":0,"1389":0,"1390":0,"1391":0,"1392":0,"1394":0,"1395":0,"1397":0,"1415":1,"1445":1,"1446":0,"1447":0,"1448":0,"1476":1,"1477":0,"1478":0,"1493":1,"1494":0,"1510":1,"1511":0,"1516":1,"1517":1,"1518":1,"1519":1,"1520":1,"1521":1,"1522":1,"1523":1,"1524":1,"1525":1,"1527":1,"1528":1,"1529":1,"1532":1,"1536":1,"1537":1,"1538":1,"1539":1,"1540":1,"1541":1,"1542":1,"1543":1,"1545":1,"1546":1,"1547":1,"1548":22,"1549":9,"1552":1,"1557":1,"1558":22,"1559":22,"1560":1,"1561":0,"1564":0,"1580":1,"1583":1,"1584":1,"1585":1,"1586":1,"1589":1,"1590":3,"1591":3,"1592":0,"1595":0,"1602":1,"1603":4,"1604":4,"1605":0,"1606":0,"1611":1,"1612":3,"1613":3,"1614":0,"1620":1,"1622":1,"1623":1}}}